#
# There is insufficient memory for the Java Runtime Environment to continue.
# Native memory allocation (malloc) failed to allocate 1093616 bytes for Chunk::new
# Possible reasons:
#   The system is out of physical RAM or swap space
#   The process is running with CompressedOops enabled, and the Java Heap may be blocking the growth of the native heap
# Possible solutions:
#   Reduce memory load on the system
#   Increase physical memory or swap space
#   Check if swap backing store is full
#   Decrease Java heap size (-Xmx/-Xms)
#   Decrease number of Java threads
#   Decrease Java thread stack sizes (-Xss)
#   Set larger code cache with -XX:ReservedCodeCacheSize=
#   JVM is running with Unscaled Compressed Oops mode in which the Java heap is
#     placed in the first 4GB address space. The Java Heap base address is the
#     maximum limit for the native heap growth. Please use -XX:HeapBaseMinAddress
#     to set the Java Heap base and to place the Java Heap above 4GB virtual address.
# This output file may be truncated or incomplete.
#
#  Out of Memory Error (allocation.cpp:389), pid=10140, tid=0x0000000000002e68
#
# JRE version: OpenJDK Runtime Environment (8.0_242-b01) (build 1.8.0_242-release-1644-b01)
# Java VM: OpenJDK 64-Bit Server VM (25.242-b01 mixed mode windows-amd64 compressed oops)
# Failed to write core dump. Minidumps are not enabled by default on client versions of Windows
#

---------------  T H R E A D  ---------------

Current thread (0x00000000175e7800):  JavaThread "C2 CompilerThread0" daemon [_thread_in_native, id=11880, stack(0x0000000018c30000,0x0000000018d30000)]

Stack: [0x0000000018c30000,0x0000000018d30000]
[error occurred during error reporting (printing stack bounds), id 0xc0000005]

Native frames: (J=compiled Java code, j=interpreted, Vv=VM code, C=native code)


Current CompileTask:
C2:   3683 1492   !   4      
[error occurred during error reporting (printing current compile task), id 0xe0000001]


---------------  P R O C E S S  ---------------

Java Threads: ( => current thread )
  0x00000000199f5800 JavaThread "Cache worker for file hash cache (C:\Users\reizkian\.gradle\caches\6.5\fileHashes)" [_thread_blocked, id=2188, stack(0x000000001d650000,0x000000001d750000)]
  0x00000000199f7800 JavaThread "File lock request listener" [_thread_in_native, id=13420, stack(0x000000001d550000,0x000000001d650000)]
  0x000000001992b800 JavaThread "Cache worker for journal cache (C:\Users\reizkian\.gradle\caches\journal-1)" [_thread_blocked, id=15712, stack(0x000000001d350000,0x000000001d450000)]
  0x000000001aed8000 JavaThread "Thread-9" [_thread_blocked, id=12104, stack(0x000000001d050000,0x000000001d150000)]
  0x000000001aef2000 JavaThread "Stdin handler" [_thread_blocked, id=15496, stack(0x000000001cf50000,0x000000001d050000)]
  0x000000001aee1800 JavaThread "Asynchronous log dispatcher for DefaultDaemonConnection: socket connection from /127.0.0.1:63438 to /127.0.0.1:63439" [_thread_blocked, id=5548, stack(0x000000001ce50000,0x000000001cf50000)]
  0x000000001aedd000 JavaThread "Daemon worker" [_thread_in_vm, id=14460, stack(0x000000001cd50000,0x000000001ce50000)]
  0x000000001ae65800 JavaThread "Cancel handler" [_thread_blocked, id=13572, stack(0x000000001cc50000,0x000000001cd50000)]
  0x0000000019dc1000 JavaThread "Handler for socket connection from /127.0.0.1:63438 to /127.0.0.1:63439" [_thread_in_native, id=5336, stack(0x000000001c950000,0x000000001ca50000)]
  0x0000000019dbf800 JavaThread "Daemon" [_thread_blocked, id=6412, stack(0x000000001c850000,0x000000001c950000)]
  0x0000000019852000 JavaThread "Daemon periodic checks" [_thread_blocked, id=11548, stack(0x000000001c750000,0x000000001c850000)]
  0x0000000019647000 JavaThread "Incoming local TCP Connector on port 63438" [_thread_in_native, id=3580, stack(0x000000001c510000,0x000000001c610000)]
  0x0000000019572000 JavaThread "Daemon health stats" [_thread_blocked, id=14276, stack(0x000000001bed0000,0x000000001bfd0000)]
  0x0000000018f52000 JavaThread "Service Thread" daemon [_thread_blocked, id=16208, stack(0x0000000019330000,0x0000000019430000)]
  0x00000000175f1800 JavaThread "C1 CompilerThread2" daemon [_thread_in_vm, id=7904, stack(0x0000000018e30000,0x0000000018f30000)]
  0x00000000175ed000 JavaThread "C2 CompilerThread1" daemon [_thread_in_native, id=10188, stack(0x0000000018d30000,0x0000000018e30000)]
=>0x00000000175e7800 JavaThread "C2 CompilerThread0" daemon [_thread_in_native, id=11880, stack(0x0000000018c30000,0x0000000018d30000)]
  0x00000000175e6000 JavaThread "Attach Listener" daemon [_thread_blocked, id=5952, stack(0x0000000018b30000,0x0000000018c30000)]
  0x00000000175e4800 JavaThread "Signal Dispatcher" daemon [_thread_blocked, id=7476, stack(0x0000000018a30000,0x0000000018b30000)]
  0x00000000175c9000 JavaThread "Finalizer" daemon [_thread_blocked, id=11736, stack(0x0000000018830000,0x0000000018930000)]
  0x00000000029b2000 JavaThread "Reference Handler" daemon [_thread_blocked, id=11368, stack(0x0000000018730000,0x0000000018830000)]
  0x00000000028c2800 JavaThread "main" [_thread_blocked, id=8268, stack(0x00000000027c0000,0x00000000028c0000)]

Other Threads:
  0x00000000175a5800 VMThread [stack: 0x0000000018630000,0x0000000018730000] [id=11348]
  0x0000000018f5d800 WatcherThread [stack: 0x0000000019430000,0x0000000019530000] [id=10940]

VM state:not at safepoint (normal execution)

VM Mutex/Monitor currently owned by a thread: None

heap address: 0x0000000080000000, size: 2048 MB, Compressed Oops mode: 32-bit
Narrow klass base: 0x0000000000000000, Narrow klass shift: 3
Compressed class space size: 1073741824 Address: 0x0000000100000000

Heap:
 PSYoungGen      total 65024K, used 44316K [0x00000000d5580000, 0x00000000d9980000, 0x0000000100000000)
  eden space 60416K, 65% used [0x00000000d5580000,0x00000000d7c4b278,0x00000000d9080000)
  from space 4608K, 99% used [0x00000000d9500000,0x00000000d997c030,0x00000000d9980000)
  to   space 4608K, 0% used [0x00000000d9080000,0x00000000d9080000,0x00000000d9500000)
 ParOldGen       total 79360K, used 2425K [0x0000000080000000, 0x0000000084d80000, 0x00000000d5580000)
  object space 79360K, 3% used [0x0000000080000000,0x000000008025e758,0x0000000084d80000)
 Metaspace       used 17191K, capacity 17808K, committed 17920K, reserved 1064960K
  class space    used 2340K, capacity 2530K, committed 2560K, reserved 1048576K

Card table byte_map: [0x0000000011d80000,0x0000000012190000] byte_map_base: 0x0000000011980000

Marking Bits: (ParMarkBitMap*) 0x000000007708f030
 Begin Bits: [0x0000000012840000, 0x0000000014840000)
 End Bits:   [0x0000000014840000, 0x0000000016840000)

Polling page: 0x0000000002640000

CodeCache: size=245760Kb used=5438Kb max_used=5438Kb free=240321Kb
 bounds [0x00000000029c0000, 0x0000000002f20000, 0x00000000119c0000]
 total_blobs=1926 nmethods=1527 adapters=313
 compilation: enabled

Compilation events (10 events):
Event: 3.608 Thread 0x00000000175f1800 nmethod 1529 0x0000000002f0db50 code [0x0000000002f0dca0, 0x0000000002f0ddb0]
Event: 3.608 Thread 0x00000000175f1800 1530       3       org.gradle.internal.service.DefaultServiceRegistry::find (142 bytes)
Event: 3.610 Thread 0x00000000175f1800 nmethod 1530 0x0000000002f0de10 code [0x0000000002f0e160, 0x0000000002f0fcd8]
Event: 3.613 Thread 0x00000000175f1800 1531       3       java.lang.Throwable::<init> (39 bytes)
Event: 3.614 Thread 0x00000000175f1800 nmethod 1531 0x0000000002f109d0 code [0x0000000002f10b40, 0x0000000002f10e48]
Event: 3.615 Thread 0x00000000175f1800 1532       3       org.gradle.internal.service.DefaultServiceRegistry$SingletonService::getService (18 bytes)
Event: 3.616 Thread 0x00000000175f1800 nmethod 1532 0x0000000002f10f10 code [0x0000000002f110a0, 0x0000000002f11318]
Event: 3.616 Thread 0x00000000175f1800 1533       3       org.gradle.internal.service.DefaultServiceRegistry::access$1200 (6 bytes)
Event: 3.616 Thread 0x00000000175f1800 nmethod 1533 0x0000000002f11410 code [0x0000000002f11580, 0x0000000002f116e8]
Event: 3.634 Thread 0x00000000175f1800 1534       3       java.util.concurrent.locks.AbstractQueuedSynchronizer::release (33 bytes)

GC Heap History (8 events):
Event: 1.146 GC heap before
{Heap before GC invocations=1 (full 0):
 PSYoungGen      total 34816K, used 30208K [0x00000000d5580000, 0x00000000d7c00000, 0x0000000100000000)
  eden space 30208K, 100% used [0x00000000d5580000,0x00000000d7300000,0x00000000d7300000)
  from space 4608K, 0% used [0x00000000d7780000,0x00000000d7780000,0x00000000d7c00000)
  to   space 4608K, 0% used [0x00000000d7300000,0x00000000d7300000,0x00000000d7780000)
 ParOldGen       total 79360K, used 0K [0x0000000080000000, 0x0000000084d80000, 0x00000000d5580000)
  object space 79360K, 0% used [0x0000000080000000,0x0000000080000000,0x0000000084d80000)
 Metaspace       used 7191K, capacity 7438K, committed 7680K, reserved 1056768K
  class space    used 890K, capacity 973K, committed 1024K, reserved 1048576K
Event: 1.155 GC heap after
Heap after GC invocations=1 (full 0):
 PSYoungGen      total 34816K, used 4269K [0x00000000d5580000, 0x00000000d7c00000, 0x0000000100000000)
  eden space 30208K, 0% used [0x00000000d5580000,0x00000000d5580000,0x00000000d7300000)
  from space 4608K, 92% used [0x00000000d7300000,0x00000000d772b508,0x00000000d7780000)
  to   space 4608K, 0% used [0x00000000d7780000,0x00000000d7780000,0x00000000d7c00000)
 ParOldGen       total 79360K, used 8K [0x0000000080000000, 0x0000000084d80000, 0x00000000d5580000)
  object space 79360K, 0% used [0x0000000080000000,0x0000000080002000,0x0000000084d80000)
 Metaspace       used 7191K, capacity 7438K, committed 7680K, reserved 1056768K
  class space    used 890K, capacity 973K, committed 1024K, reserved 1048576K
}
Event: 1.572 GC heap before
{Heap before GC invocations=2 (full 0):
 PSYoungGen      total 34816K, used 34477K [0x00000000d5580000, 0x00000000d7c00000, 0x0000000100000000)
  eden space 30208K, 100% used [0x00000000d5580000,0x00000000d7300000,0x00000000d7300000)
  from space 4608K, 92% used [0x00000000d7300000,0x00000000d772b508,0x00000000d7780000)
  to   space 4608K, 0% used [0x00000000d7780000,0x00000000d7780000,0x00000000d7c00000)
 ParOldGen       total 79360K, used 8K [0x0000000080000000, 0x0000000084d80000, 0x00000000d5580000)
  object space 79360K, 0% used [0x0000000080000000,0x0000000080002000,0x0000000084d80000)
 Metaspace       used 7375K, capacity 7630K, committed 7936K, reserved 1056768K
  class space    used 899K, capacity 973K, committed 1024K, reserved 1048576K
Event: 1.578 GC heap after
Heap after GC invocations=2 (full 0):
 PSYoungGen      total 34816K, used 3057K [0x00000000d5580000, 0x00000000d9980000, 0x0000000100000000)
  eden space 30208K, 0% used [0x00000000d5580000,0x00000000d5580000,0x00000000d7300000)
  from space 4608K, 66% used [0x00000000d7780000,0x00000000d7a7c5f8,0x00000000d7c00000)
  to   space 4608K, 0% used [0x00000000d7300000,0x00000000d7300000,0x00000000d7780000)
 ParOldGen       total 79360K, used 16K [0x0000000080000000, 0x0000000084d80000, 0x00000000d5580000)
  object space 79360K, 0% used [0x0000000080000000,0x0000000080004000,0x0000000084d80000)
 Metaspace       used 7375K, capacity 7630K, committed 7936K, reserved 1056768K
  class space    used 899K, capacity 973K, committed 1024K, reserved 1048576K
}
Event: 1.918 GC heap before
{Heap before GC invocations=3 (full 0):
 PSYoungGen      total 34816K, used 33265K [0x00000000d5580000, 0x00000000d9980000, 0x0000000100000000)
  eden space 30208K, 100% used [0x00000000d5580000,0x00000000d7300000,0x00000000d7300000)
  from space 4608K, 66% used [0x00000000d7780000,0x00000000d7a7c5f8,0x00000000d7c00000)
  to   space 4608K, 0% used [0x00000000d7300000,0x00000000d7300000,0x00000000d7780000)
 ParOldGen       total 79360K, used 16K [0x0000000080000000, 0x0000000084d80000, 0x00000000d5580000)
  object space 79360K, 0% used [0x0000000080000000,0x0000000080004000,0x0000000084d80000)
 Metaspace       used 9884K, capacity 10158K, committed 10496K, reserved 1058816K
  class space    used 1319K, capacity 1413K, committed 1536K, reserved 1048576K
Event: 1.925 GC heap after
Heap after GC invocations=3 (full 0):
 PSYoungGen      total 34816K, used 4576K [0x00000000d5580000, 0x00000000d9980000, 0x0000000100000000)
  eden space 30208K, 0% used [0x00000000d5580000,0x00000000d5580000,0x00000000d7300000)
  from space 4608K, 99% used [0x00000000d7300000,0x00000000d7778020,0x00000000d7780000)
  to   space 4608K, 0% used [0x00000000d9500000,0x00000000d9500000,0x00000000d9980000)
 ParOldGen       total 79360K, used 422K [0x0000000080000000, 0x0000000084d80000, 0x00000000d5580000)
  object space 79360K, 0% used [0x0000000080000000,0x0000000080069930,0x0000000084d80000)
 Metaspace       used 9884K, capacity 10158K, committed 10496K, reserved 1058816K
  class space    used 1319K, capacity 1413K, committed 1536K, reserved 1048576K
}
Event: 3.119 GC heap before
{Heap before GC invocations=4 (full 0):
 PSYoungGen      total 34816K, used 34784K [0x00000000d5580000, 0x00000000d9980000, 0x0000000100000000)
  eden space 30208K, 100% used [0x00000000d5580000,0x00000000d7300000,0x00000000d7300000)
  from space 4608K, 99% used [0x00000000d7300000,0x00000000d7778020,0x00000000d7780000)
  to   space 4608K, 0% used [0x00000000d9500000,0x00000000d9500000,0x00000000d9980000)
 ParOldGen       total 79360K, used 422K [0x0000000080000000, 0x0000000084d80000, 0x00000000d5580000)
  object space 79360K, 0% used [0x0000000080000000,0x0000000080069930,0x0000000084d80000)
 Metaspace       used 13432K, capacity 13848K, committed 14080K, reserved 1060864K
  class space    used 1845K, capacity 1980K, committed 2048K, reserved 1048576K
Event: 3.131 GC heap after
Heap after GC invocations=4 (full 0):
 PSYoungGen      total 65024K, used 4592K [0x00000000d5580000, 0x00000000d9980000, 0x0000000100000000)
  eden space 60416K, 0% used [0x00000000d5580000,0x00000000d5580000,0x00000000d9080000)
  from space 4608K, 99% used [0x00000000d9500000,0x00000000d997c030,0x00000000d9980000)
  to   space 4608K, 0% used [0x00000000d9080000,0x00000000d9080000,0x00000000d9500000)
 ParOldGen       total 79360K, used 2425K [0x0000000080000000, 0x0000000084d80000, 0x00000000d5580000)
  object space 79360K, 3% used [0x0000000080000000,0x000000008025e758,0x0000000084d80000)
 Metaspace       used 13432K, capacity 13848K, committed 14080K, reserved 1060864K
  class space    used 1845K, capacity 1980K, committed 2048K, reserved 1048576K
}

Deoptimization events (10 events):
Event: 3.202 Thread 0x000000001aedd000 Uncommon trap: reason=class_check action=maybe_recompile pc=0x0000000002cf80dc method=java.util.regex.Matcher.match(II)Z @ 86
Event: 3.202 Thread 0x000000001aedd000 Uncommon trap: reason=class_check action=maybe_recompile pc=0x0000000002cf80dc method=java.util.regex.Matcher.match(II)Z @ 86
Event: 3.202 Thread 0x000000001aedd000 Uncommon trap: reason=class_check action=maybe_recompile pc=0x0000000002b8a5dc method=java.util.regex.Matcher.match(II)Z @ 86
Event: 3.340 Thread 0x000000001aedd000 Uncommon trap: reason=unstable_if action=reinterpret pc=0x0000000002ce00dc method=java.io.File.getName()Ljava/lang/String; @ 16
Event: 3.340 Thread 0x000000001aedd000 Uncommon trap: reason=unstable_if action=reinterpret pc=0x0000000002ce3b28 method=java.lang.String.substring(I)Ljava/lang/String; @ 35
Event: 3.584 Thread 0x000000001aedd000 Uncommon trap: reason=unstable_if action=reinterpret pc=0x0000000002cdec70 method=java.util.LinkedHashMap.afterNodeInsertion(Z)V @ 1
Event: 3.585 Thread 0x000000001aedd000 Uncommon trap: reason=unstable_if action=reinterpret pc=0x0000000002c2dcbc method=java.util.HashMap.getNode(ILjava/lang/Object;)Ljava/util/HashMap$Node; @ 129
Event: 3.585 Thread 0x000000001aedd000 Uncommon trap: reason=bimorphic action=maybe_recompile pc=0x0000000002e64578 method=java.util.HashMap.putVal(ILjava/lang/Object;Ljava/lang/Object;ZZ)Ljava/lang/Object; @ 203
Event: 3.588 Thread 0x000000001aedd000 Uncommon trap: reason=unstable_if action=reinterpret pc=0x0000000002c1df84 method=java.util.HashMap.getNode(ILjava/lang/Object;)Ljava/util/HashMap$Node; @ 129
Event: 3.588 Thread 0x000000001aedd000 Uncommon trap: reason=bimorphic action=maybe_recompile pc=0x0000000002e64578 method=java.util.HashMap.putVal(ILjava/lang/Object;Ljava/lang/Object;ZZ)Ljava/lang/Object; @ 203

Classes redefined (0 events):
No events

Internal exceptions (10 events):
Event: 2.817 Thread 0x0000000019dc1000 Exception <a 'java/lang/NoSuchMethodError': <clinit>> (0x00000000d5cc8170) thrown at [C:\src\AOSP-openjdk-git\hotspot\src\share\vm\prims\jni.cpp, line 1615]
Event: 2.819 Thread 0x0000000019dc1000 Exception <a 'java/lang/NoSuchMethodError': <clinit>> (0x00000000d5cd1878) thrown at [C:\src\AOSP-openjdk-git\hotspot\src\share\vm\prims\jni.cpp, line 1615]
Event: 2.821 Thread 0x0000000019dc1000 Exception <a 'java/lang/NoSuchMethodError': <clinit>> (0x00000000d5ce5ea0) thrown at [C:\src\AOSP-openjdk-git\hotspot\src\share\vm\prims\jni.cpp, line 1615]
Event: 2.833 Thread 0x0000000019dc1000 Exception <a 'java/lang/NoSuchMethodError': <clinit>> (0x00000000d5d54350) thrown at [C:\src\AOSP-openjdk-git\hotspot\src\share\vm\prims\jni.cpp, line 1615]
Event: 2.839 Thread 0x0000000019dc1000 Exception <a 'java/lang/NoSuchMethodError': <clinit>> (0x00000000d5d8e830) thrown at [C:\src\AOSP-openjdk-git\hotspot\src\share\vm\prims\jni.cpp, line 1615]
Event: 2.850 Thread 0x0000000019dc1000 Exception <a 'java/lang/NoSuchMethodError': <clinit>> (0x00000000d5dc4518) thrown at [C:\src\AOSP-openjdk-git\hotspot\src\share\vm\prims\jni.cpp, line 1615]
Event: 2.852 Thread 0x0000000019dc1000 Exception <a 'java/lang/NoSuchMethodError': <clinit>> (0x00000000d5dd0a48) thrown at [C:\src\AOSP-openjdk-git\hotspot\src\share\vm\prims\jni.cpp, line 1615]
Event: 3.387 Thread 0x000000001aedd000 Exception <a 'java/lang/NoSuchMethodError': java.lang.Object.lambda$and$0(Ljava/util/function/Predicate;Ljava/lang/Object;)Z> (0x00000000d64d0c10) thrown at [C:\src\AOSP-openjdk-git\hotspot\src\share\vm\interpreter\linkResolver.cpp, line 620]
Event: 3.393 Thread 0x000000001aedd000 Exception <a 'java/lang/IncompatibleClassChangeError': Found class java.lang.Object, but interface was expected> (0x00000000d64e0f08) thrown at [C:\src\AOSP-openjdk-git\hotspot\src\share\vm\interpreter\linkResolver.cpp, line 653]
Event: 3.395 Thread 0x000000001aedd000 Exception <a 'java/lang/NoSuchMethodError': java.lang.Object.lambda$or$2(Ljava/util/function/Predicate;Ljava/lang/Object;)Z> (0x00000000d64e5a58) thrown at [C:\src\AOSP-openjdk-git\hotspot\src\share\vm\interpreter\linkResolver.cpp, line 620]

Events (10 events):
Event: 3.630 loading class org/gradle/internal/typeconversion/NotationConverterToNotationParserAdapter
Event: 3.630 loading class org/gradle/internal/typeconversion/NotationConverterToNotationParserAdapter done
Event: 3.631 loading class org/gradle/internal/typeconversion/NotationConvertResult
Event: 3.631 loading class org/gradle/internal/typeconversion/NotationConvertResult done
Event: 3.631 loading class org/gradle/internal/typeconversion/UnsupportedNotationException
Event: 3.631 loading class org/gradle/internal/typeconversion/UnsupportedNotationException done
Event: 3.631 loading class org/gradle/internal/typeconversion/TypeConversionException
Event: 3.631 loading class org/gradle/internal/typeconversion/TypeConversionException done
Event: 3.632 loading class org/gradle/internal/typeconversion/ErrorHandlingNotationParser
Event: 3.632 loading class org/gradle/internal/typeconversion/ErrorHandlingNotationParser done


Dynamic libraries:
0x00007ff74ff70000 - 0x00007ff74ffa1000 	C:\Program Files\Android\Android Studio\jre\bin\java.exe
0x00007ffdce000000 - 0x00007ffdce1f0000 	C:\WINDOWS\SYSTEM32\ntdll.dll
0x00007ffdcd110000 - 0x00007ffdcd1c2000 	C:\WINDOWS\System32\KERNEL32.DLL
0x00007ffdcb7e0000 - 0x00007ffdcba85000 	C:\WINDOWS\System32\KERNELBASE.dll
0x00007ffdc91e0000 - 0x00007ffdc926f000 	C:\WINDOWS\SYSTEM32\apphelp.dll
0x00007ffdcd640000 - 0x00007ffdcd6e3000 	C:\WINDOWS\System32\ADVAPI32.dll
0x00007ffdcd070000 - 0x00007ffdcd10e000 	C:\WINDOWS\System32\msvcrt.dll
0x00007ffdcd260000 - 0x00007ffdcd2f7000 	C:\WINDOWS\System32\sechost.dll
0x00007ffdccf20000 - 0x00007ffdcd03f000 	C:\WINDOWS\System32\RPCRT4.dll
0x00007ffdccd20000 - 0x00007ffdcceb4000 	C:\WINDOWS\System32\USER32.dll
0x00007ffdcbfa0000 - 0x00007ffdcbfc1000 	C:\WINDOWS\System32\win32u.dll
0x00007ffdcdb20000 - 0x00007ffdcdb46000 	C:\WINDOWS\System32\GDI32.dll
0x00007ffdcbff0000 - 0x00007ffdcc188000 	C:\WINDOWS\System32\gdi32full.dll
0x00007ffdcbf00000 - 0x00007ffdcbf9e000 	C:\WINDOWS\System32\msvcp_win.dll
0x00007ffdcbb10000 - 0x00007ffdcbc0a000 	C:\WINDOWS\System32\ucrtbase.dll
0x00007ffdb5b90000 - 0x00007ffdb5e14000 	C:\WINDOWS\WinSxS\amd64_microsoft.windows.common-controls_6595b64144ccf1df_6.0.18362.1379_none_9e7ff3b3e45cc0c4\COMCTL32.dll
0x00007ffdcc880000 - 0x00007ffdccbb7000 	C:\WINDOWS\System32\combase.dll
0x00007ffdcbcc0000 - 0x00007ffdcbd41000 	C:\WINDOWS\System32\bcryptPrimitives.dll
0x00007ffdcd040000 - 0x00007ffdcd06e000 	C:\WINDOWS\System32\IMM32.DLL
0x0000000050060000 - 0x0000000050132000 	C:\Program Files\Android\Android Studio\jre\jre\bin\msvcr100.dll
0x00000000768c0000 - 0x000000007710b000 	C:\Program Files\Android\Android Studio\jre\jre\bin\server\jvm.dll
0x00007ffdcd6f0000 - 0x00007ffdcd6f8000 	C:\WINDOWS\System32\PSAPI.DLL
0x00007ffdc8800000 - 0x00007ffdc8824000 	C:\WINDOWS\SYSTEM32\WINMM.dll
0x00007ffdc9120000 - 0x00007ffdc9129000 	C:\WINDOWS\SYSTEM32\WSOCK32.dll
0x00007ffdc0a00000 - 0x00007ffdc0a0a000 	C:\WINDOWS\SYSTEM32\VERSION.dll
0x0000000002680000 - 0x00000000026ef000 	C:\WINDOWS\System32\ws2_32.DLL
0x00007ffdc7cd0000 - 0x00007ffdc7cfd000 	C:\WINDOWS\SYSTEM32\WINMMBASE.dll
0x00007ffdcbac0000 - 0x00007ffdcbb0a000 	C:\WINDOWS\System32\cfgmgr32.dll
0x00007ffdc9110000 - 0x00007ffdc911f000 	C:\Program Files\Android\Android Studio\jre\jre\bin\verify.dll
0x00007ffdc3e60000 - 0x00007ffdc3e89000 	C:\Program Files\Android\Android Studio\jre\jre\bin\java.dll
0x00007ffdc6e70000 - 0x00007ffdc6e86000 	C:\Program Files\Android\Android Studio\jre\jre\bin\zip.dll
0x00007ffdcc190000 - 0x00007ffdcc878000 	C:\WINDOWS\System32\SHELL32.dll
0x00007ffdcd590000 - 0x00007ffdcd637000 	C:\WINDOWS\System32\shcore.dll
0x00007ffdcb060000 - 0x00007ffdcb7db000 	C:\WINDOWS\System32\windows.storage.dll
0x00007ffdcaff0000 - 0x00007ffdcb013000 	C:\WINDOWS\System32\profapi.dll
0x00007ffdcafa0000 - 0x00007ffdcafea000 	C:\WINDOWS\System32\powrprof.dll
0x00007ffdcaf90000 - 0x00007ffdcafa0000 	C:\WINDOWS\System32\UMPDC.dll
0x00007ffdcd4c0000 - 0x00007ffdcd512000 	C:\WINDOWS\System32\shlwapi.dll
0x00007ffdcb020000 - 0x00007ffdcb031000 	C:\WINDOWS\System32\kernel.appcore.dll
0x00007ffdcbfd0000 - 0x00007ffdcbfe7000 	C:\WINDOWS\System32\cryptsp.dll
0x00007ffdc5160000 - 0x00007ffdc517a000 	C:\Program Files\Android\Android Studio\jre\jre\bin\net.dll
0x00007ffdca7d0000 - 0x00007ffdca837000 	C:\WINDOWS\system32\mswsock.dll
0x00007ffdc46e0000 - 0x00007ffdc46f3000 	C:\Program Files\Android\Android Studio\jre\jre\bin\nio.dll
0x00007ffda7fe0000 - 0x00007ffda8007000 	C:\Users\reizkian\.gradle\native\f6784746aeab05261644944871eae4fe03e0ef1612fff0a4a95f87b438bc6780\windows-amd64\native-platform.dll
0x00007ffdc7890000 - 0x00007ffdc789d000 	C:\Program Files\Android\Android Studio\jre\jre\bin\management.dll
0x00007ffdca2f0000 - 0x00007ffdca323000 	C:\WINDOWS\system32\rsaenh.dll
0x00007ffdcba90000 - 0x00007ffdcbab6000 	C:\WINDOWS\System32\bcrypt.dll
0x00007ffdcae70000 - 0x00007ffdcae95000 	C:\WINDOWS\SYSTEM32\USERENV.dll
0x00007ffdca9a0000 - 0x00007ffdca9ac000 	C:\WINDOWS\SYSTEM32\CRYPTBASE.dll
0x00007ffdca480000 - 0x00007ffdca4ba000 	C:\WINDOWS\SYSTEM32\IPHLPAPI.DLL
0x00007ffdcd700000 - 0x00007ffdcd708000 	C:\WINDOWS\System32\NSI.dll
0x00007ffdc0c00000 - 0x00007ffdc0c16000 	C:\WINDOWS\SYSTEM32\dhcpcsvc6.DLL
0x00007ffdc2280000 - 0x00007ffdc229c000 	C:\WINDOWS\SYSTEM32\dhcpcsvc.DLL
0x00007ffdca4c0000 - 0x00007ffdca58b000 	C:\WINDOWS\SYSTEM32\DNSAPI.dll
0x00007ffdc2b50000 - 0x00007ffdc2b5b000 	C:\WINDOWS\SYSTEM32\WINNSI.DLL

VM Arguments:
jvm_args: -Xmx2048m -Dfile.encoding=UTF-8 -Duser.country=US -Duser.language=en -Duser.variant 
java_command: org.gradle.launcher.daemon.bootstrap.GradleDaemon 6.5
java_class_path (initial): C:\Users\reizkian\.gradle\wrapper\dists\gradle-6.5-bin\6nifqtx7604sqp1q6g8wikw7p\gradle-6.5\lib\gradle-launcher-6.5.jar
Launcher Type: SUN_STANDARD

Environment Variables:
JAVA_HOME=D:\codes\java\JDK\jdk-11.0.8
PATH=C:\Program Files (x86)\Common Files\Intel\Shared Libraries\redist\intel64\compiler;C:\WINDOWS\system32;C:\WINDOWS;C:\WINDOWS\System32\Wbem;C:\WINDOWS\System32\WindowsPowerShell\v1.0\;C:\WINDOWS\System32\OpenSSH\;C:\Users\reizkian\anaconda3;C:\Users\reizkian\anaconda3\Scripts;C:\Users\reizkian\anaconda3\Library;C:\Users\reizkian\anaconda3\Library\bin;C:\Users\reizkian\anaconda3\Library\mingw-w64\bin;D:\codes\java\JDK\jdk-11.0.8\bin;C:\Program Files (x86)\AMD\ATI.ACE\Core-Static;C:\MinGW\bin;D:\codes\cpp\setup_opencv\opencv\build\x64\vc15\bin;C:\Program Files\apache-maven-3.6.3\bin;C:\Program Files\gnuplot\bin;D:\codes\java\OpenJFX\javafx-sdk-11.0.2\bin;C:\Program Files\Git\cmd;C:\Program Files\nodejs\;C:\Users\reizkian\AppData\Local\Microsoft\WindowsApps;C:\Users\reizkian\AppData\Local\Programs\Microsoft VS Code\bin;C:\Users\reizkian\anaconda3;C:\Users\reizkian\anaconda3\Scripts;C:\Program Files\JetBrains\PyCharm Community Edition 2020.1.2\bin;;C:\Program Files\JetBrains\IntelliJ IDEA Community Edition 2020.2\bin;;C:\Users\reizkian\AppData\Local\Programs\MiKTeX\miktex\bin\x64\;C:\Program Files\CMake\bin;C:\Users\reizkian\AppData\Roaming\npm
USERNAME=reizkian
OS=Windows_NT
PROCESSOR_IDENTIFIER=AMD64 Family 21 Model 19 Stepping 1, AuthenticAMD



---------------  S Y S T E M  ---------------

OS: Windows 10.0 , 64 bit Build 18362 (10.0.18362.1350)

CPU:total 4 (initial active 4) (4 cores per cpu, 1 threads per core) family 21 model 19 stepping 1, cmov, cx8, fxsr, mmx, sse, sse2, sse3, ssse3, sse4.1, sse4.2, popcnt, avx, aes, clmul, mmxext, 3dnowpref, lzcnt, sse4a, tsc, tscinvbit, tscinv, bmi1

Memory: 4k page, physical 7555692k(1091152k free), swap 11766380k(996k free)

vm_info: OpenJDK 64-Bit Server VM (25.242-b01) for windows-amd64 JRE (1.8.0_242-release-1644-b01), built by "builder" with MS VC++ 10.0 (VS2010)

time: Fri Feb 26 16:59:43 2021
timezone: SE Asia Standard Time
elapsed time: 3 seconds (0d 0h 0m 3s)

