#
# There is insufficient memory for the Java Runtime Environment to continue.
# Native memory allocation (malloc) failed to allocate 32744 bytes for ChunkPool::allocate
# Possible reasons:
#   The system is out of physical RAM or swap space
#   The process is running with CompressedOops enabled, and the Java Heap may be blocking the growth of the native heap
# Possible solutions:
#   Reduce memory load on the system
#   Increase physical memory or swap space
#   Check if swap backing store is full
#   Decrease Java heap size (-Xmx/-Xms)
#   Decrease number of Java threads
#   Decrease Java thread stack sizes (-Xss)
#   Set larger code cache with -XX:ReservedCodeCacheSize=
#   JVM is running with Unscaled Compressed Oops mode in which the Java heap is
#     placed in the first 4GB address space. The Java Heap base address is the
#     maximum limit for the native heap growth. Please use -XX:HeapBaseMinAddress
#     to set the Java Heap base and to place the Java Heap above 4GB virtual address.
# This output file may be truncated or incomplete.
#
#  Out of Memory Error (allocation.cpp:272), pid=84, tid=0x0000000000003bb4
#
# JRE version: OpenJDK Runtime Environment (8.0_242-b01) (build 1.8.0_242-release-1644-b01)
# Java VM: OpenJDK 64-Bit Server VM (25.242-b01 mixed mode windows-amd64 compressed oops)
# Failed to write core dump. Minidumps are not enabled by default on client versions of Windows
#

---------------  T H R E A D  ---------------

Current thread (0x0000000017cb8000):  JavaThread "C2 CompilerThread0" daemon [_thread_in_native, id=15284, stack(0x0000000019300000,0x0000000019400000)]

Stack: [0x0000000019300000,0x0000000019400000]
[error occurred during error reporting (printing stack bounds), id 0xc0000005]

Native frames: (J=compiled Java code, j=interpreted, Vv=VM code, C=native code)


Current CompileTask:
C2:   4136 1464       4       java.net.URLClassLoader$1::run (5 bytes)


---------------  P R O C E S S  ---------------

Java Threads: ( => current thread )
  0x000000001ae94800 JavaThread "Cache worker for file hash cache (C:\Users\reizkian\.gradle\caches\6.5\fileHashes)" [_thread_blocked, id=13444, stack(0x000000001dd20000,0x000000001de20000)]
  0x000000001ae93000 JavaThread "File lock request listener" [_thread_in_native, id=3136, stack(0x000000001dc20000,0x000000001dd20000)]
  0x000000001a7fa000 JavaThread "Cache worker for journal cache (C:\Users\reizkian\.gradle\caches\journal-1)" [_thread_blocked, id=12716, stack(0x000000001da20000,0x000000001db20000)]
  0x000000001bd85800 JavaThread "Thread-9" [_thread_blocked, id=3868, stack(0x000000001d720000,0x000000001d820000)]
  0x000000001bd80800 JavaThread "Stdin handler" [_thread_blocked, id=7028, stack(0x000000001d620000,0x000000001d720000)]
  0x000000001bd93800 JavaThread "Asynchronous log dispatcher for DefaultDaemonConnection: socket connection from /127.0.0.1:63471 to /127.0.0.1:63472" [_thread_blocked, id=236, stack(0x000000001d520000,0x000000001d620000)]
  0x000000001bd92000 JavaThread "Daemon worker" [_thread_in_native, id=1544, stack(0x000000001d420000,0x000000001d520000)]
  0x000000001bd8f800 JavaThread "Cancel handler" [_thread_blocked, id=11696, stack(0x000000001d320000,0x000000001d420000)]
  0x000000001bd58800 JavaThread "Handler for socket connection from /127.0.0.1:63471 to /127.0.0.1:63472" [_thread_in_native, id=8256, stack(0x000000001d220000,0x000000001d320000)]
  0x000000001b31b000 JavaThread "Daemon" [_thread_blocked, id=2068, stack(0x000000001d120000,0x000000001d220000)]
  0x000000001bd53000 JavaThread "Daemon periodic checks" [_thread_blocked, id=14820, stack(0x000000001ce20000,0x000000001cf20000)]
  0x000000001a5b8800 JavaThread "Incoming local TCP Connector on port 63471" [_thread_in_native, id=15132, stack(0x000000001bc10000,0x000000001bd10000)]
  0x000000001b37e800 JavaThread "Daemon health stats" [_thread_in_vm, id=14348, stack(0x000000001b5d0000,0x000000001b6d0000)]
  0x0000000017d0e000 JavaThread "Service Thread" daemon [_thread_blocked, id=12664, stack(0x0000000019a00000,0x0000000019b00000)]
  0x0000000017cc5800 JavaThread "C1 CompilerThread2" daemon [_thread_in_vm, id=1532, stack(0x0000000019500000,0x0000000019600000)]
  0x0000000017cbd800 JavaThread "C2 CompilerThread1" daemon [_thread_in_native, id=2320, stack(0x0000000019400000,0x0000000019500000)]
=>0x0000000017cb8000 JavaThread "C2 CompilerThread0" daemon [_thread_in_native, id=15284, stack(0x0000000019300000,0x0000000019400000)]
  0x0000000017cb7000 JavaThread "Attach Listener" daemon [_thread_blocked, id=9828, stack(0x0000000019200000,0x0000000019300000)]
  0x0000000017cb6000 JavaThread "Signal Dispatcher" daemon [_thread_blocked, id=3164, stack(0x0000000019100000,0x0000000019200000)]
  0x000000000308d800 JavaThread "Finalizer" daemon [_thread_blocked, id=1756, stack(0x0000000018f00000,0x0000000019000000)]
  0x0000000017c99000 JavaThread "Reference Handler" daemon [_thread_blocked, id=6112, stack(0x0000000018e00000,0x0000000018f00000)]
  0x0000000002f92800 JavaThread "main" [_thread_blocked, id=4164, stack(0x0000000002dd0000,0x0000000002ed0000)]

Other Threads:
  0x0000000017c75800 VMThread [stack: 0x0000000018d00000,0x0000000018e00000] [id=860]
  0x000000001962b000 WatcherThread [stack: 0x0000000019b00000,0x0000000019c00000] [id=2192]

VM state:not at safepoint (normal execution)

VM Mutex/Monitor currently owned by a thread: None

heap address: 0x0000000080000000, size: 2048 MB, Compressed Oops mode: 32-bit
Narrow klass base: 0x0000000000000000, Narrow klass shift: 3
Compressed class space size: 1073741824 Address: 0x0000000100000000

Heap:
 PSYoungGen      total 34816K, used 21599K [0x00000000d5580000, 0x00000000d7c00000, 0x0000000100000000)
  eden space 30208K, 71% used [0x00000000d5580000,0x00000000d6a97ca0,0x00000000d7300000)
  from space 4608K, 0% used [0x00000000d7300000,0x00000000d7300000,0x00000000d7780000)
  to   space 4608K, 0% used [0x00000000d7780000,0x00000000d7780000,0x00000000d7c00000)
 ParOldGen       total 51712K, used 6216K [0x0000000080000000, 0x0000000083280000, 0x00000000d5580000)
  object space 51712K, 12% used [0x0000000080000000,0x0000000080612100,0x0000000083280000)
 Metaspace       used 16768K, capacity 17364K, committed 17664K, reserved 1064960K
  class space    used 2264K, capacity 2466K, committed 2560K, reserved 1048576K

Card table byte_map: [0x0000000012450000,0x0000000012860000] byte_map_base: 0x0000000012050000

Marking Bits: (ParMarkBitMap*) 0x000000007708f030
 Begin Bits: [0x0000000012f10000, 0x0000000014f10000)
 End Bits:   [0x0000000014f10000, 0x0000000016f10000)

Polling page: 0x0000000002d40000

CodeCache: size=245760Kb used=5475Kb max_used=5475Kb free=240284Kb
 bounds [0x0000000003090000, 0x00000000035f0000, 0x0000000012090000]
 total_blobs=1922 nmethods=1524 adapters=312
 compilation: enabled

Compilation events (10 events):
Event: 4.070 Thread 0x0000000017cc5800 1524       3       org.gradle.internal.service.DefaultServiceRegistry$FactoryMethodService::<init> (22 bytes)
Event: 4.071 Thread 0x0000000017cc5800 nmethod 1524 0x00000000035e6610 code [0x00000000035e67e0, 0x00000000035e7008]
Event: 4.094 Thread 0x0000000017cc5800 1525       3       java.lang.Enum::<init> (15 bytes)
Event: 4.095 Thread 0x0000000017cc5800 nmethod 1525 0x00000000035e7690 code [0x00000000035e77e0, 0x00000000035e79b0]
Event: 4.096 Thread 0x0000000017cc5800 1526       3       sun.reflect.generics.parser.SignatureParser::parseClassTypeSignature (118 bytes)
Event: 4.098 Thread 0x0000000017cc5800 nmethod 1526 0x00000000035e7a50 code [0x00000000035e7e00, 0x00000000035e98c8]
Event: 4.115 Thread 0x0000000017cc5800 1527       3       java.util.concurrent.locks.AbstractQueuedSynchronizer::release (33 bytes)
Event: 4.116 Thread 0x0000000017cc5800 nmethod 1527 0x00000000035ea8d0 code [0x00000000035eaa40, 0x00000000035ead58]
Event: 4.126 Thread 0x0000000017cc5800 1528       3       java.util.concurrent.locks.AbstractQueuedSynchronizer::compareAndSetState (13 bytes)
Event: 4.126 Thread 0x0000000017cc5800 nmethod 1528 0x00000000035d2490 code [0x00000000035d25e0, 0x00000000035d2750]

GC Heap History (10 events):
Event: 1.804 GC heap before
{Heap before GC invocations=2 (full 0):
 PSYoungGen      total 34816K, used 34526K [0x00000000d5580000, 0x00000000d7c00000, 0x0000000100000000)
  eden space 30208K, 100% used [0x00000000d5580000,0x00000000d7300000,0x00000000d7300000)
  from space 4608K, 93% used [0x00000000d7300000,0x00000000d77379c8,0x00000000d7780000)
  to   space 4608K, 0% used [0x00000000d7780000,0x00000000d7780000,0x00000000d7c00000)
 ParOldGen       total 79360K, used 8K [0x0000000080000000, 0x0000000084d80000, 0x00000000d5580000)
  object space 79360K, 0% used [0x0000000080000000,0x0000000080002000,0x0000000084d80000)
 Metaspace       used 7383K, capacity 7634K, committed 7936K, reserved 1056768K
  class space    used 899K, capacity 973K, committed 1024K, reserved 1048576K
Event: 1.808 GC heap after
Heap after GC invocations=2 (full 0):
 PSYoungGen      total 34816K, used 3041K [0x00000000d5580000, 0x00000000d7c00000, 0x0000000100000000)
  eden space 30208K, 0% used [0x00000000d5580000,0x00000000d5580000,0x00000000d7300000)
  from space 4608K, 66% used [0x00000000d7780000,0x00000000d7a78608,0x00000000d7c00000)
  to   space 4608K, 0% used [0x00000000d7300000,0x00000000d7300000,0x00000000d7780000)
 ParOldGen       total 79360K, used 16K [0x0000000080000000, 0x0000000084d80000, 0x00000000d5580000)
  object space 79360K, 0% used [0x0000000080000000,0x0000000080004000,0x0000000084d80000)
 Metaspace       used 7383K, capacity 7634K, committed 7936K, reserved 1056768K
  class space    used 899K, capacity 973K, committed 1024K, reserved 1048576K
}
Event: 2.226 GC heap before
{Heap before GC invocations=3 (full 0):
 PSYoungGen      total 34816K, used 33249K [0x00000000d5580000, 0x00000000d7c00000, 0x0000000100000000)
  eden space 30208K, 100% used [0x00000000d5580000,0x00000000d7300000,0x00000000d7300000)
  from space 4608K, 66% used [0x00000000d7780000,0x00000000d7a78608,0x00000000d7c00000)
  to   space 4608K, 0% used [0x00000000d7300000,0x00000000d7300000,0x00000000d7780000)
 ParOldGen       total 79360K, used 16K [0x0000000080000000, 0x0000000084d80000, 0x00000000d5580000)
  object space 79360K, 0% used [0x0000000080000000,0x0000000080004000,0x0000000084d80000)
 Metaspace       used 9889K, capacity 10162K, committed 10496K, reserved 1058816K
  class space    used 1319K, capacity 1413K, committed 1536K, reserved 1048576K
Event: 2.232 GC heap after
Heap after GC invocations=3 (full 0):
 PSYoungGen      total 34816K, used 4592K [0x00000000d5580000, 0x00000000d7c00000, 0x0000000100000000)
  eden space 30208K, 0% used [0x00000000d5580000,0x00000000d5580000,0x00000000d7300000)
  from space 4608K, 99% used [0x00000000d7300000,0x00000000d777c030,0x00000000d7780000)
  to   space 4608K, 0% used [0x00000000d7780000,0x00000000d7780000,0x00000000d7c00000)
 ParOldGen       total 79360K, used 465K [0x0000000080000000, 0x0000000084d80000, 0x00000000d5580000)
  object space 79360K, 0% used [0x0000000080000000,0x00000000800747e8,0x0000000084d80000)
 Metaspace       used 9889K, capacity 10162K, committed 10496K, reserved 1058816K
  class space    used 1319K, capacity 1413K, committed 1536K, reserved 1048576K
}
Event: 3.514 GC heap before
{Heap before GC invocations=4 (full 0):
 PSYoungGen      total 34816K, used 34800K [0x00000000d5580000, 0x00000000d7c00000, 0x0000000100000000)
  eden space 30208K, 100% used [0x00000000d5580000,0x00000000d7300000,0x00000000d7300000)
  from space 4608K, 99% used [0x00000000d7300000,0x00000000d777c030,0x00000000d7780000)
  to   space 4608K, 0% used [0x00000000d7780000,0x00000000d7780000,0x00000000d7c00000)
 ParOldGen       total 79360K, used 465K [0x0000000080000000, 0x0000000084d80000, 0x00000000d5580000)
  object space 79360K, 0% used [0x0000000080000000,0x00000000800747e8,0x0000000084d80000)
 Metaspace       used 13453K, capacity 13852K, committed 14080K, reserved 1060864K
  class space    used 1847K, capacity 1980K, committed 2048K, reserved 1048576K
Event: 3.523 GC heap after
Heap after GC invocations=4 (full 0):
 PSYoungGen      total 34816K, used 4592K [0x00000000d5580000, 0x00000000d7c00000, 0x0000000100000000)
  eden space 30208K, 0% used [0x00000000d5580000,0x00000000d5580000,0x00000000d7300000)
  from space 4608K, 99% used [0x00000000d7780000,0x00000000d7bfc030,0x00000000d7c00000)
  to   space 4608K, 0% used [0x00000000d7300000,0x00000000d7300000,0x00000000d7780000)
 ParOldGen       total 79360K, used 2483K [0x0000000080000000, 0x0000000084d80000, 0x00000000d5580000)
  object space 79360K, 3% used [0x0000000080000000,0x000000008026cc28,0x0000000084d80000)
 Metaspace       used 13453K, capacity 13852K, committed 14080K, reserved 1060864K
  class space    used 1847K, capacity 1980K, committed 2048K, reserved 1048576K
}
Event: 3.696 GC heap before
{Heap before GC invocations=5 (full 0):
 PSYoungGen      total 34816K, used 16254K [0x00000000d5580000, 0x00000000d7c00000, 0x0000000100000000)
  eden space 30208K, 38% used [0x00000000d5580000,0x00000000d60e3a08,0x00000000d7300000)
  from space 4608K, 99% used [0x00000000d7780000,0x00000000d7bfc030,0x00000000d7c00000)
  to   space 4608K, 0% used [0x00000000d7300000,0x00000000d7300000,0x00000000d7780000)
 ParOldGen       total 79360K, used 2483K [0x0000000080000000, 0x0000000084d80000, 0x00000000d5580000)
  object space 79360K, 3% used [0x0000000080000000,0x000000008026cc28,0x0000000084d80000)
 Metaspace       used 14944K, capacity 15402K, committed 15488K, reserved 1067008K
  class space    used 1996K, capacity 2153K, committed 2176K, reserved 1048576K
Event: 3.707 GC heap after
Heap after GC invocations=5 (full 0):
 PSYoungGen      total 34816K, used 4576K [0x00000000d5580000, 0x00000000d7c00000, 0x0000000100000000)
  eden space 30208K, 0% used [0x00000000d5580000,0x00000000d5580000,0x00000000d7300000)
  from space 4608K, 99% used [0x00000000d7300000,0x00000000d7778218,0x00000000d7780000)
  to   space 4608K, 0% used [0x00000000d7780000,0x00000000d7780000,0x00000000d7c00000)
 ParOldGen       total 79360K, used 4224K [0x0000000080000000, 0x0000000084d80000, 0x00000000d5580000)
  object space 79360K, 5% used [0x0000000080000000,0x00000000804203b0,0x0000000084d80000)
 Metaspace       used 14944K, capacity 15402K, committed 15488K, reserved 1067008K
  class space    used 1996K, capacity 2153K, committed 2176K, reserved 1048576K
}
Event: 3.707 GC heap before
{Heap before GC invocations=6 (full 1):
 PSYoungGen      total 34816K, used 4576K [0x00000000d5580000, 0x00000000d7c00000, 0x0000000100000000)
  eden space 30208K, 0% used [0x00000000d5580000,0x00000000d5580000,0x00000000d7300000)
  from space 4608K, 99% used [0x00000000d7300000,0x00000000d7778218,0x00000000d7780000)
  to   space 4608K, 0% used [0x00000000d7780000,0x00000000d7780000,0x00000000d7c00000)
 ParOldGen       total 79360K, used 4224K [0x0000000080000000, 0x0000000084d80000, 0x00000000d5580000)
  object space 79360K, 5% used [0x0000000080000000,0x00000000804203b0,0x0000000084d80000)
 Metaspace       used 14944K, capacity 15402K, committed 15488K, reserved 1067008K
  class space    used 1996K, capacity 2153K, committed 2176K, reserved 1048576K
Event: 3.769 GC heap after
Heap after GC invocations=6 (full 1):
 PSYoungGen      total 34816K, used 0K [0x00000000d5580000, 0x00000000d7c00000, 0x0000000100000000)
  eden space 30208K, 0% used [0x00000000d5580000,0x00000000d5580000,0x00000000d7300000)
  from space 4608K, 0% used [0x00000000d7300000,0x00000000d7300000,0x00000000d7780000)
  to   space 4608K, 0% used [0x00000000d7780000,0x00000000d7780000,0x00000000d7c00000)
 ParOldGen       total 51712K, used 6216K [0x0000000080000000, 0x0000000083280000, 0x00000000d5580000)
  object space 51712K, 12% used [0x0000000080000000,0x0000000080612100,0x0000000083280000)
 Metaspace       used 14944K, capacity 15402K, committed 15488K, reserved 1064960K
  class space    used 1996K, capacity 2153K, committed 2176K, reserved 1048576K
}

Deoptimization events (10 events):
Event: 3.286 Thread 0x000000001bd92000 Uncommon trap: reason=bimorphic action=maybe_recompile pc=0x00000000033563e0 method=java.util.HashMap.putVal(ILjava/lang/Object;Ljava/lang/Object;ZZ)Ljava/lang/Object; @ 253
Event: 3.286 Thread 0x000000001bd92000 Uncommon trap: reason=bimorphic action=maybe_recompile pc=0x00000000033563e0 method=java.util.HashMap.putVal(ILjava/lang/Object;Ljava/lang/Object;ZZ)Ljava/lang/Object; @ 253
Event: 3.286 Thread 0x000000001bd92000 Uncommon trap: reason=bimorphic action=maybe_recompile pc=0x00000000033563e0 method=java.util.HashMap.putVal(ILjava/lang/Object;Ljava/lang/Object;ZZ)Ljava/lang/Object; @ 253
Event: 3.286 Thread 0x000000001bd92000 Uncommon trap: reason=bimorphic action=maybe_recompile pc=0x00000000033563e0 method=java.util.HashMap.putVal(ILjava/lang/Object;Ljava/lang/Object;ZZ)Ljava/lang/Object; @ 253
Event: 3.577 Thread 0x000000001bd92000 Uncommon trap: reason=class_check action=maybe_recompile pc=0x00000000033c605c method=java.util.regex.Matcher.match(II)Z @ 86
Event: 3.578 Thread 0x000000001bd92000 Uncommon trap: reason=class_check action=maybe_recompile pc=0x00000000033c605c method=java.util.regex.Matcher.match(II)Z @ 86
Event: 3.578 Thread 0x000000001bd92000 Uncommon trap: reason=class_check action=maybe_recompile pc=0x00000000033c605c method=java.util.regex.Matcher.match(II)Z @ 86
Event: 3.579 Thread 0x000000001bd92000 Uncommon trap: reason=class_check action=maybe_recompile pc=0x000000000325765c method=java.util.regex.Matcher.match(II)Z @ 86
Event: 3.817 Thread 0x000000001bd92000 Uncommon trap: reason=unstable_if action=reinterpret pc=0x00000000033c485c method=java.io.File.getName()Ljava/lang/String; @ 16
Event: 3.817 Thread 0x000000001bd92000 Uncommon trap: reason=unstable_if action=reinterpret pc=0x00000000033c04d4 method=java.lang.String.substring(I)Ljava/lang/String; @ 35

Classes redefined (0 events):
No events

Internal exceptions (10 events):
Event: 3.223 Thread 0x000000001bd58800 Exception <a 'java/lang/NoSuchMethodError': <clinit>> (0x00000000d5ce3188) thrown at [C:\src\AOSP-openjdk-git\hotspot\src\share\vm\prims\jni.cpp, line 1615]
Event: 3.225 Thread 0x000000001bd58800 Exception <a 'java/lang/NoSuchMethodError': <clinit>> (0x00000000d5cec890) thrown at [C:\src\AOSP-openjdk-git\hotspot\src\share\vm\prims\jni.cpp, line 1615]
Event: 3.227 Thread 0x000000001bd58800 Exception <a 'java/lang/NoSuchMethodError': <clinit>> (0x00000000d5d00eb8) thrown at [C:\src\AOSP-openjdk-git\hotspot\src\share\vm\prims\jni.cpp, line 1615]
Event: 3.241 Thread 0x000000001bd58800 Exception <a 'java/lang/NoSuchMethodError': <clinit>> (0x00000000d5d6e9c8) thrown at [C:\src\AOSP-openjdk-git\hotspot\src\share\vm\prims\jni.cpp, line 1615]
Event: 3.248 Thread 0x000000001bd58800 Exception <a 'java/lang/NoSuchMethodError': <clinit>> (0x00000000d5da8e70) thrown at [C:\src\AOSP-openjdk-git\hotspot\src\share\vm\prims\jni.cpp, line 1615]
Event: 3.254 Thread 0x000000001bd58800 Exception <a 'java/lang/NoSuchMethodError': <clinit>> (0x00000000d5dde6a8) thrown at [C:\src\AOSP-openjdk-git\hotspot\src\share\vm\prims\jni.cpp, line 1615]
Event: 3.256 Thread 0x000000001bd58800 Exception <a 'java/lang/NoSuchMethodError': <clinit>> (0x00000000d5deac08) thrown at [C:\src\AOSP-openjdk-git\hotspot\src\share\vm\prims\jni.cpp, line 1615]
Event: 3.870 Thread 0x000000001bd92000 Exception <a 'java/lang/NoSuchMethodError': java.lang.Object.lambda$and$0(Ljava/util/function/Predicate;Ljava/lang/Object;)Z> (0x00000000d58f10e0) thrown at [C:\src\AOSP-openjdk-git\hotspot\src\share\vm\interpreter\linkResolver.cpp, line 620]
Event: 3.893 Thread 0x000000001bd92000 Exception <a 'java/lang/IncompatibleClassChangeError': Found class java.lang.Object, but interface was expected> (0x00000000d59013d8) thrown at [C:\src\AOSP-openjdk-git\hotspot\src\share\vm\interpreter\linkResolver.cpp, line 653]
Event: 3.895 Thread 0x000000001bd92000 Exception <a 'java/lang/NoSuchMethodError': java.lang.Object.lambda$or$2(Ljava/util/function/Predicate;Ljava/lang/Object;)Z> (0x00000000d5905f28) thrown at [C:\src\AOSP-openjdk-git\hotspot\src\share\vm\interpreter\linkResolver.cpp, line 620]

Events (10 events):
Event: 4.130 loading class org/gradle/language/cpp/internal/NativeDependencyCache
Event: 4.130 loading class org/gradle/language/cpp/internal/NativeDependencyCache done
Event: 4.131 loading class org/gradle/nativeplatform/internal/resolve/NativeDependencyResolverServices
Event: 4.131 loading class org/gradle/nativeplatform/internal/resolve/NativeDependencyResolverServices done
Event: 4.132 loading class org/gradle/nativeplatform/internal/resolve/LibraryBinaryLocator
Event: 4.132 loading class org/gradle/nativeplatform/internal/resolve/LibraryBinaryLocator done
Event: 4.133 loading class org/gradle/nativeplatform/internal/resolve/NativeDependencyResolver
Event: 4.133 loading class org/gradle/nativeplatform/internal/resolve/NativeDependencyResolver done
Event: 4.135 loading class org/gradle/nativeplatform/toolchain/internal/metadata/CompilerMetaDataProviderFactory
Event: 4.135 loading class org/gradle/nativeplatform/toolchain/internal/metadata/CompilerMetaDataProviderFactory done


Dynamic libraries:
0x00007ff74ff70000 - 0x00007ff74ffa1000 	C:\Program Files\Android\Android Studio\jre\bin\java.exe
0x00007ffdce000000 - 0x00007ffdce1f0000 	C:\WINDOWS\SYSTEM32\ntdll.dll
0x00007ffdcd110000 - 0x00007ffdcd1c2000 	C:\WINDOWS\System32\KERNEL32.DLL
0x00007ffdcb7e0000 - 0x00007ffdcba85000 	C:\WINDOWS\System32\KERNELBASE.dll
0x00007ffdc91e0000 - 0x00007ffdc926f000 	C:\WINDOWS\SYSTEM32\apphelp.dll
0x00007ffdcd640000 - 0x00007ffdcd6e3000 	C:\WINDOWS\System32\ADVAPI32.dll
0x00007ffdcd070000 - 0x00007ffdcd10e000 	C:\WINDOWS\System32\msvcrt.dll
0x00007ffdcd260000 - 0x00007ffdcd2f7000 	C:\WINDOWS\System32\sechost.dll
0x00007ffdccf20000 - 0x00007ffdcd03f000 	C:\WINDOWS\System32\RPCRT4.dll
0x00007ffdccd20000 - 0x00007ffdcceb4000 	C:\WINDOWS\System32\USER32.dll
0x00007ffdcbfa0000 - 0x00007ffdcbfc1000 	C:\WINDOWS\System32\win32u.dll
0x00007ffdcdb20000 - 0x00007ffdcdb46000 	C:\WINDOWS\System32\GDI32.dll
0x00007ffdcbff0000 - 0x00007ffdcc188000 	C:\WINDOWS\System32\gdi32full.dll
0x00007ffdcbf00000 - 0x00007ffdcbf9e000 	C:\WINDOWS\System32\msvcp_win.dll
0x00007ffdcbb10000 - 0x00007ffdcbc0a000 	C:\WINDOWS\System32\ucrtbase.dll
0x00007ffdb5b90000 - 0x00007ffdb5e14000 	C:\WINDOWS\WinSxS\amd64_microsoft.windows.common-controls_6595b64144ccf1df_6.0.18362.1379_none_9e7ff3b3e45cc0c4\COMCTL32.dll
0x00007ffdcc880000 - 0x00007ffdccbb7000 	C:\WINDOWS\System32\combase.dll
0x00007ffdcbcc0000 - 0x00007ffdcbd41000 	C:\WINDOWS\System32\bcryptPrimitives.dll
0x00007ffdcd040000 - 0x00007ffdcd06e000 	C:\WINDOWS\System32\IMM32.DLL
0x0000000050060000 - 0x0000000050132000 	C:\Program Files\Android\Android Studio\jre\jre\bin\msvcr100.dll
0x00000000768c0000 - 0x000000007710b000 	C:\Program Files\Android\Android Studio\jre\jre\bin\server\jvm.dll
0x00007ffdcd6f0000 - 0x00007ffdcd6f8000 	C:\WINDOWS\System32\PSAPI.DLL
0x00007ffdc0a00000 - 0x00007ffdc0a0a000 	C:\WINDOWS\SYSTEM32\VERSION.dll
0x00007ffdc8800000 - 0x00007ffdc8824000 	C:\WINDOWS\SYSTEM32\WINMM.dll
0x00007ffdc9120000 - 0x00007ffdc9129000 	C:\WINDOWS\SYSTEM32\WSOCK32.dll
0x00007ffdcd1d0000 - 0x00007ffdcd23f000 	C:\WINDOWS\System32\WS2_32.dll
0x00007ffdc7cd0000 - 0x00007ffdc7cfd000 	C:\WINDOWS\SYSTEM32\WINMMBASE.dll
0x00007ffdcbac0000 - 0x00007ffdcbb0a000 	C:\WINDOWS\System32\cfgmgr32.dll
0x00007ffdc9110000 - 0x00007ffdc911f000 	C:\Program Files\Android\Android Studio\jre\jre\bin\verify.dll
0x00007ffdc3e60000 - 0x00007ffdc3e89000 	C:\Program Files\Android\Android Studio\jre\jre\bin\java.dll
0x00007ffdc6e70000 - 0x00007ffdc6e86000 	C:\Program Files\Android\Android Studio\jre\jre\bin\zip.dll
0x00007ffdcc190000 - 0x00007ffdcc878000 	C:\WINDOWS\System32\SHELL32.dll
0x00007ffdcd590000 - 0x00007ffdcd637000 	C:\WINDOWS\System32\shcore.dll
0x00007ffdcb060000 - 0x00007ffdcb7db000 	C:\WINDOWS\System32\windows.storage.dll
0x00007ffdcaff0000 - 0x00007ffdcb013000 	C:\WINDOWS\System32\profapi.dll
0x00007ffdcafa0000 - 0x00007ffdcafea000 	C:\WINDOWS\System32\powrprof.dll
0x00007ffdcaf90000 - 0x00007ffdcafa0000 	C:\WINDOWS\System32\UMPDC.dll
0x00007ffdcd4c0000 - 0x00007ffdcd512000 	C:\WINDOWS\System32\shlwapi.dll
0x00007ffdcb020000 - 0x00007ffdcb031000 	C:\WINDOWS\System32\kernel.appcore.dll
0x00007ffdcbfd0000 - 0x00007ffdcbfe7000 	C:\WINDOWS\System32\cryptsp.dll
0x00007ffdc5160000 - 0x00007ffdc517a000 	C:\Program Files\Android\Android Studio\jre\jre\bin\net.dll
0x00007ffdca7d0000 - 0x00007ffdca837000 	C:\WINDOWS\system32\mswsock.dll
0x00007ffdc46e0000 - 0x00007ffdc46f3000 	C:\Program Files\Android\Android Studio\jre\jre\bin\nio.dll
0x00007ffda7fe0000 - 0x00007ffda8007000 	C:\Users\reizkian\.gradle\native\f6784746aeab05261644944871eae4fe03e0ef1612fff0a4a95f87b438bc6780\windows-amd64\native-platform.dll
0x00007ffdc7890000 - 0x00007ffdc789d000 	C:\Program Files\Android\Android Studio\jre\jre\bin\management.dll
0x00007ffdca2f0000 - 0x00007ffdca323000 	C:\WINDOWS\system32\rsaenh.dll
0x00007ffdcba90000 - 0x00007ffdcbab6000 	C:\WINDOWS\System32\bcrypt.dll
0x00007ffdcae70000 - 0x00007ffdcae95000 	C:\WINDOWS\SYSTEM32\USERENV.dll
0x00007ffdca9a0000 - 0x00007ffdca9ac000 	C:\WINDOWS\SYSTEM32\CRYPTBASE.dll
0x00007ffdca480000 - 0x00007ffdca4ba000 	C:\WINDOWS\SYSTEM32\IPHLPAPI.DLL
0x00007ffdcd700000 - 0x00007ffdcd708000 	C:\WINDOWS\System32\NSI.dll
0x00007ffdc0c00000 - 0x00007ffdc0c16000 	C:\WINDOWS\SYSTEM32\dhcpcsvc6.DLL
0x00007ffdc2280000 - 0x00007ffdc229c000 	C:\WINDOWS\SYSTEM32\dhcpcsvc.DLL
0x00007ffdca4c0000 - 0x00007ffdca58b000 	C:\WINDOWS\SYSTEM32\DNSAPI.dll
0x00007ffdc2b50000 - 0x00007ffdc2b5b000 	C:\WINDOWS\SYSTEM32\WINNSI.DLL

VM Arguments:
jvm_args: -Xmx2048m -Dfile.encoding=UTF-8 -Duser.country=US -Duser.language=en -Duser.variant 
java_command: org.gradle.launcher.daemon.bootstrap.GradleDaemon 6.5
java_class_path (initial): C:\Users\reizkian\.gradle\wrapper\dists\gradle-6.5-bin\6nifqtx7604sqp1q6g8wikw7p\gradle-6.5\lib\gradle-launcher-6.5.jar
Launcher Type: SUN_STANDARD

Environment Variables:
JAVA_HOME=D:\codes\java\JDK\jdk-11.0.8
PATH=C:\Program Files (x86)\Common Files\Intel\Shared Libraries\redist\intel64\compiler;C:\WINDOWS\system32;C:\WINDOWS;C:\WINDOWS\System32\Wbem;C:\WINDOWS\System32\WindowsPowerShell\v1.0\;C:\WINDOWS\System32\OpenSSH\;C:\Users\reizkian\anaconda3;C:\Users\reizkian\anaconda3\Scripts;C:\Users\reizkian\anaconda3\Library;C:\Users\reizkian\anaconda3\Library\bin;C:\Users\reizkian\anaconda3\Library\mingw-w64\bin;D:\codes\java\JDK\jdk-11.0.8\bin;C:\Program Files (x86)\AMD\ATI.ACE\Core-Static;C:\MinGW\bin;D:\codes\cpp\setup_opencv\opencv\build\x64\vc15\bin;C:\Program Files\apache-maven-3.6.3\bin;C:\Program Files\gnuplot\bin;D:\codes\java\OpenJFX\javafx-sdk-11.0.2\bin;C:\Program Files\Git\cmd;C:\Program Files\nodejs\;C:\Users\reizkian\AppData\Local\Microsoft\WindowsApps;C:\Users\reizkian\AppData\Local\Programs\Microsoft VS Code\bin;C:\Users\reizkian\anaconda3;C:\Users\reizkian\anaconda3\Scripts;C:\Program Files\JetBrains\PyCharm Community Edition 2020.1.2\bin;;C:\Program Files\JetBrains\IntelliJ IDEA Community Edition 2020.2\bin;;C:\Users\reizkian\AppData\Local\Programs\MiKTeX\miktex\bin\x64\;C:\Program Files\CMake\bin;C:\Users\reizkian\AppData\Roaming\npm
USERNAME=reizkian
OS=Windows_NT
PROCESSOR_IDENTIFIER=AMD64 Family 21 Model 19 Stepping 1, AuthenticAMD



---------------  S Y S T E M  ---------------

OS: Windows 10.0 , 64 bit Build 18362 (10.0.18362.1350)

CPU:total 4 (initial active 4) (4 cores per cpu, 1 threads per core) family 21 model 19 stepping 1, cmov, cx8, fxsr, mmx, sse, sse2, sse3, ssse3, sse4.1, sse4.2, popcnt, avx, aes, clmul, mmxext, 3dnowpref, lzcnt, sse4a, tsc, tscinvbit, tscinv, bmi1

Memory: 4k page, physical 7555692k(973852k free), swap 11766380k(1036k free)

vm_info: OpenJDK 64-Bit Server VM (25.242-b01) for windows-amd64 JRE (1.8.0_242-release-1644-b01), built by "builder" with MS VC++ 10.0 (VS2010)

time: Fri Feb 26 17:01:03 2021
timezone: SE Asia Standard Time
elapsed time: 4 seconds (0d 0h 0m 4s)

