#
# There is insufficient memory for the Java Runtime Environment to continue.
# Native memory allocation (malloc) failed to allocate 776576 bytes for Chunk::new
# Possible reasons:
#   The system is out of physical RAM or swap space
#   The process is running with CompressedOops enabled, and the Java Heap may be blocking the growth of the native heap
# Possible solutions:
#   Reduce memory load on the system
#   Increase physical memory or swap space
#   Check if swap backing store is full
#   Decrease Java heap size (-Xmx/-Xms)
#   Decrease number of Java threads
#   Decrease Java thread stack sizes (-Xss)
#   Set larger code cache with -XX:ReservedCodeCacheSize=
#   JVM is running with Unscaled Compressed Oops mode in which the Java heap is
#     placed in the first 4GB address space. The Java Heap base address is the
#     maximum limit for the native heap growth. Please use -XX:HeapBaseMinAddress
#     to set the Java Heap base and to place the Java Heap above 4GB virtual address.
# This output file may be truncated or incomplete.
#
#  Out of Memory Error (allocation.cpp:389), pid=14620, tid=0x00000000000039ac
#
# JRE version: OpenJDK Runtime Environment (8.0_242-b01) (build 1.8.0_242-release-1644-b01)
# Java VM: OpenJDK 64-Bit Server VM (25.242-b01 mixed mode windows-amd64 compressed oops)
# Failed to write core dump. Minidumps are not enabled by default on client versions of Windows
#

---------------  T H R E A D  ---------------

Current thread (0x0000000017ee8800):  JavaThread "C2 CompilerThread0" daemon [_thread_in_native, id=14764, stack(0x0000000019540000,0x0000000019640000)]

Stack: [0x0000000019540000,0x0000000019640000]
[error occurred during error reporting (printing stack bounds), id 0xc0000005]

Native frames: (J=compiled Java code, j=interpreted, Vv=VM code, C=native code)


Current CompileTask:
C2:  10054 1534       4       java.net.URLClassLoader$1::run (5 bytes)


---------------  P R O C E S S  ---------------

Java Threads: ( => current thread )
  0x000000001992f000 JavaThread "Thread-9" [_thread_blocked, id=12876, stack(0x000000001d960000,0x000000001da60000)]
  0x0000000019965000 JavaThread "Stdin handler" [_thread_blocked, id=2524, stack(0x000000001d860000,0x000000001d960000)]
  0x0000000019964800 JavaThread "Asynchronous log dispatcher for DefaultDaemonConnection: socket connection from /127.0.0.1:60789 to /127.0.0.1:60790" [_thread_blocked, id=4444, stack(0x000000001d760000,0x000000001d860000)]
  0x0000000019989000 JavaThread "Daemon worker" [_thread_in_native, id=8036, stack(0x000000001d660000,0x000000001d760000)]
  0x000000001998f800 JavaThread "Cancel handler" [_thread_blocked, id=14220, stack(0x000000001d560000,0x000000001d660000)]
  0x000000001b13d800 JavaThread "Handler for socket connection from /127.0.0.1:60789 to /127.0.0.1:60790" [_thread_in_native, id=4148, stack(0x000000001d260000,0x000000001d360000)]
  0x0000000019f5c800 JavaThread "Daemon" [_thread_blocked, id=5708, stack(0x000000001d160000,0x000000001d260000)]
  0x000000001a127000 JavaThread "Daemon periodic checks" [_thread_blocked, id=14508, stack(0x000000001d060000,0x000000001d160000)]
  0x000000001a124000 JavaThread "Incoming local TCP Connector on port 60789" [_thread_in_native, id=14920, stack(0x000000001ce20000,0x000000001cf20000)]
  0x0000000019e9a000 JavaThread "Daemon health stats" [_thread_blocked, id=14504, stack(0x000000001c7e0000,0x000000001c8e0000)]
  0x0000000017f3e800 JavaThread "Service Thread" daemon [_thread_blocked, id=14760, stack(0x0000000019c40000,0x0000000019d40000)]
  0x0000000017eef000 JavaThread "C1 CompilerThread2" daemon [_thread_blocked, id=14772, stack(0x0000000019740000,0x0000000019840000)]
  0x0000000017eea800 JavaThread "C2 CompilerThread1" daemon [_thread_blocked, id=14788, stack(0x0000000019640000,0x0000000019740000)]
=>0x0000000017ee8800 JavaThread "C2 CompilerThread0" daemon [_thread_in_native, id=14764, stack(0x0000000019540000,0x0000000019640000)]
  0x0000000017ee7000 JavaThread "Attach Listener" daemon [_thread_blocked, id=14768, stack(0x0000000019440000,0x0000000019540000)]
  0x0000000017ee5800 JavaThread "Signal Dispatcher" daemon [_thread_blocked, id=14732, stack(0x0000000019340000,0x0000000019440000)]
  0x000000000328b800 JavaThread "Finalizer" daemon [_thread_blocked, id=14756, stack(0x0000000019140000,0x0000000019240000)]
  0x0000000017ec9000 JavaThread "Reference Handler" daemon [_thread_blocked, id=14812, stack(0x0000000019040000,0x0000000019140000)]
  0x0000000003192800 JavaThread "main" [_thread_blocked, id=14800, stack(0x0000000003040000,0x0000000003140000)]

Other Threads:
  0x0000000017ea5800 VMThread [stack: 0x0000000018f40000,0x0000000019040000] [id=14796]
  0x0000000019876000 WatcherThread [stack: 0x0000000019d40000,0x0000000019e40000] [id=14740]

VM state:not at safepoint (normal execution)

VM Mutex/Monitor currently owned by a thread: None

heap address: 0x0000000080000000, size: 2048 MB, Compressed Oops mode: 32-bit
Narrow klass base: 0x0000000000000000, Narrow klass shift: 3
Compressed class space size: 1073741824 Address: 0x0000000100000000

Heap:
 PSYoungGen      total 34816K, used 13136K [0x00000000d5580000, 0x00000000d7c00000, 0x0000000100000000)
  eden space 30208K, 28% used [0x00000000d5580000,0x00000000d5dd81e0,0x00000000d7300000)
  from space 4608K, 99% used [0x00000000d7780000,0x00000000d7bfc010,0x00000000d7c00000)
  to   space 4608K, 0% used [0x00000000d7300000,0x00000000d7300000,0x00000000d7780000)
 ParOldGen       total 79360K, used 2524K [0x0000000080000000, 0x0000000084d80000, 0x00000000d5580000)
  object space 79360K, 3% used [0x0000000080000000,0x0000000080277378,0x0000000084d80000)
 Metaspace       used 14442K, capacity 14942K, committed 15232K, reserved 1062912K
  class space    used 1979K, capacity 2133K, committed 2176K, reserved 1048576K

Card table byte_map: [0x0000000012650000,0x0000000012a60000] byte_map_base: 0x0000000012250000

Marking Bits: (ParMarkBitMap*) 0x000000006849f030
 Begin Bits: [0x0000000013110000, 0x0000000015110000)
 End Bits:   [0x0000000015110000, 0x0000000017110000)

Polling page: 0x0000000001850000

CodeCache: size=245760Kb used=5320Kb max_used=5332Kb free=240439Kb
 bounds [0x0000000003290000, 0x00000000037d0000, 0x0000000012290000]
 total_blobs=1916 nmethods=1534 adapters=296
 compilation: enabled

Compilation events (10 events):
Event: 9.970 Thread 0x0000000017ee8800 nmethod 1526 0x00000000037c4b50 code [0x00000000037c4ce0, 0x00000000037c53f8]
Event: 9.990 Thread 0x0000000017eea800 1531       4       java.util.jar.JarFile::maybeInstantiateVerifier (96 bytes)
Event: 9.990 Thread 0x0000000017eef000 1532       1       org.gradle.internal.service.AbstractServiceMethod::getParameterTypes (5 bytes)
Event: 9.990 Thread 0x0000000017eef000 nmethod 1532 0x00000000037c4890 code [0x00000000037c49e0, 0x00000000037c4af0]
Event: 9.990 Thread 0x0000000017eef000 1533       1       org.gradle.internal.service.DefaultServiceRegistry::access$1600 (5 bytes)
Event: 9.990 Thread 0x0000000017eef000 nmethod 1533 0x00000000037c45d0 code [0x00000000037c4720, 0x00000000037c4810]
Event: 9.992 Thread 0x0000000017ee8800 1534       4       java.net.URLClassLoader$1::run (5 bytes)
Event: 10.001 Thread 0x0000000017eea800 nmethod 1531 0x00000000037c2750 code [0x00000000037c28e0, 0x00000000037c2d38]
Event: 10.001 Thread 0x0000000017eea800 1535       4       java.util.LinkedHashMap$LinkedKeyIterator::next (8 bytes)
Event: 10.002 Thread 0x0000000017eea800 nmethod 1535 0x00000000037c5e90 code [0x00000000037c5fc0, 0x00000000037c6098]

GC Heap History (8 events):
Event: 2.286 GC heap before
{Heap before GC invocations=1 (full 0):
 PSYoungGen      total 34816K, used 30208K [0x00000000d5580000, 0x00000000d7c00000, 0x0000000100000000)
  eden space 30208K, 100% used [0x00000000d5580000,0x00000000d7300000,0x00000000d7300000)
  from space 4608K, 0% used [0x00000000d7780000,0x00000000d7780000,0x00000000d7c00000)
  to   space 4608K, 0% used [0x00000000d7300000,0x00000000d7300000,0x00000000d7780000)
 ParOldGen       total 79360K, used 0K [0x0000000080000000, 0x0000000084d80000, 0x00000000d5580000)
  object space 79360K, 0% used [0x0000000080000000,0x0000000080000000,0x0000000084d80000)
 Metaspace       used 7197K, capacity 7454K, committed 7680K, reserved 1056768K
  class space    used 890K, capacity 973K, committed 1024K, reserved 1048576K
Event: 2.305 GC heap after
Heap after GC invocations=1 (full 0):
 PSYoungGen      total 34816K, used 4279K [0x00000000d5580000, 0x00000000d7c00000, 0x0000000100000000)
  eden space 30208K, 0% used [0x00000000d5580000,0x00000000d5580000,0x00000000d7300000)
  from space 4608K, 92% used [0x00000000d7300000,0x00000000d772dd18,0x00000000d7780000)
  to   space 4608K, 0% used [0x00000000d7780000,0x00000000d7780000,0x00000000d7c00000)
 ParOldGen       total 79360K, used 16K [0x0000000080000000, 0x0000000084d80000, 0x00000000d5580000)
  object space 79360K, 0% used [0x0000000080000000,0x0000000080004000,0x0000000084d80000)
 Metaspace       used 7197K, capacity 7454K, committed 7680K, reserved 1056768K
  class space    used 890K, capacity 973K, committed 1024K, reserved 1048576K
}
Event: 2.717 GC heap before
{Heap before GC invocations=2 (full 0):
 PSYoungGen      total 34816K, used 34487K [0x00000000d5580000, 0x00000000d7c00000, 0x0000000100000000)
  eden space 30208K, 100% used [0x00000000d5580000,0x00000000d7300000,0x00000000d7300000)
  from space 4608K, 92% used [0x00000000d7300000,0x00000000d772dd18,0x00000000d7780000)
  to   space 4608K, 0% used [0x00000000d7780000,0x00000000d7780000,0x00000000d7c00000)
 ParOldGen       total 79360K, used 16K [0x0000000080000000, 0x0000000084d80000, 0x00000000d5580000)
  object space 79360K, 0% used [0x0000000080000000,0x0000000080004000,0x0000000084d80000)
 Metaspace       used 7393K, capacity 7646K, committed 7936K, reserved 1056768K
  class space    used 899K, capacity 973K, committed 1024K, reserved 1048576K
Event: 2.725 GC heap after
Heap after GC invocations=2 (full 0):
 PSYoungGen      total 34816K, used 3073K [0x00000000d5580000, 0x00000000d9980000, 0x0000000100000000)
  eden space 30208K, 0% used [0x00000000d5580000,0x00000000d5580000,0x00000000d7300000)
  from space 4608K, 66% used [0x00000000d7780000,0x00000000d7a80608,0x00000000d7c00000)
  to   space 4608K, 0% used [0x00000000d7300000,0x00000000d7300000,0x00000000d7780000)
 ParOldGen       total 79360K, used 24K [0x0000000080000000, 0x0000000084d80000, 0x00000000d5580000)
  object space 79360K, 0% used [0x0000000080000000,0x0000000080006000,0x0000000084d80000)
 Metaspace       used 7393K, capacity 7646K, committed 7936K, reserved 1056768K
  class space    used 899K, capacity 973K, committed 1024K, reserved 1048576K
}
Event: 4.088 GC heap before
{Heap before GC invocations=3 (full 0):
 PSYoungGen      total 34816K, used 33281K [0x00000000d5580000, 0x00000000d9980000, 0x0000000100000000)
  eden space 30208K, 100% used [0x00000000d5580000,0x00000000d7300000,0x00000000d7300000)
  from space 4608K, 66% used [0x00000000d7780000,0x00000000d7a80608,0x00000000d7c00000)
  to   space 4608K, 0% used [0x00000000d7300000,0x00000000d7300000,0x00000000d7780000)
 ParOldGen       total 79360K, used 24K [0x0000000080000000, 0x0000000084d80000, 0x00000000d5580000)
  object space 79360K, 0% used [0x0000000080000000,0x0000000080006000,0x0000000084d80000)
 Metaspace       used 9897K, capacity 10174K, committed 10496K, reserved 1058816K
  class space    used 1318K, capacity 1413K, committed 1536K, reserved 1048576K
Event: 4.097 GC heap after
Heap after GC invocations=3 (full 0):
 PSYoungGen      total 34816K, used 4576K [0x00000000d5580000, 0x00000000d7c00000, 0x0000000100000000)
  eden space 30208K, 0% used [0x00000000d5580000,0x00000000d5580000,0x00000000d7300000)
  from space 4608K, 99% used [0x00000000d7300000,0x00000000d7778020,0x00000000d7780000)
  to   space 4608K, 0% used [0x00000000d7780000,0x00000000d7780000,0x00000000d7c00000)
 ParOldGen       total 79360K, used 504K [0x0000000080000000, 0x0000000084d80000, 0x00000000d5580000)
  object space 79360K, 0% used [0x0000000080000000,0x000000008007e028,0x0000000084d80000)
 Metaspace       used 9897K, capacity 10174K, committed 10496K, reserved 1058816K
  class space    used 1318K, capacity 1413K, committed 1536K, reserved 1048576K
}
Event: 8.402 GC heap before
{Heap before GC invocations=4 (full 0):
 PSYoungGen      total 34816K, used 34784K [0x00000000d5580000, 0x00000000d7c00000, 0x0000000100000000)
  eden space 30208K, 100% used [0x00000000d5580000,0x00000000d7300000,0x00000000d7300000)
  from space 4608K, 99% used [0x00000000d7300000,0x00000000d7778020,0x00000000d7780000)
  to   space 4608K, 0% used [0x00000000d7780000,0x00000000d7780000,0x00000000d7c00000)
 ParOldGen       total 79360K, used 504K [0x0000000080000000, 0x0000000084d80000, 0x00000000d5580000)
  object space 79360K, 0% used [0x0000000080000000,0x000000008007e028,0x0000000084d80000)
 Metaspace       used 13457K, capacity 13936K, committed 14080K, reserved 1060864K
  class space    used 1847K, capacity 1992K, committed 2048K, reserved 1048576K
Event: 8.415 GC heap after
Heap after GC invocations=4 (full 0):
 PSYoungGen      total 34816K, used 4592K [0x00000000d5580000, 0x00000000d7c00000, 0x0000000100000000)
  eden space 30208K, 0% used [0x00000000d5580000,0x00000000d5580000,0x00000000d7300000)
  from space 4608K, 99% used [0x00000000d7780000,0x00000000d7bfc010,0x00000000d7c00000)
  to   space 4608K, 0% used [0x00000000d7300000,0x00000000d7300000,0x00000000d7780000)
 ParOldGen       total 79360K, used 2524K [0x0000000080000000, 0x0000000084d80000, 0x00000000d5580000)
  object space 79360K, 3% used [0x0000000080000000,0x0000000080277378,0x0000000084d80000)
 Metaspace       used 13457K, capacity 13936K, committed 14080K, reserved 1060864K
  class space    used 1847K, capacity 1992K, committed 2048K, reserved 1048576K
}

Deoptimization events (10 events):
Event: 5.476 Thread 0x000000001b13d800 Uncommon trap: reason=unstable_if action=reinterpret pc=0x00000000036a48b0 method=java.util.concurrent.ConcurrentHashMap.putVal(Ljava/lang/Object;Ljava/lang/Object;Z)Ljava/lang/Object; @ 206
Event: 5.544 Thread 0x000000001b13d800 Uncommon trap: reason=unstable_if action=reinterpret pc=0x00000000035bc7e8 method=java.lang.String.substring(I)Ljava/lang/String; @ 35
Event: 5.635 Thread 0x0000000019989000 Uncommon trap: reason=bimorphic action=maybe_recompile pc=0x0000000003561c2c method=java.util.HashMap.putVal(ILjava/lang/Object;Ljava/lang/Object;ZZ)Ljava/lang/Object; @ 253
Event: 5.635 Thread 0x0000000019989000 Uncommon trap: reason=bimorphic action=maybe_recompile pc=0x0000000003561c2c method=java.util.HashMap.putVal(ILjava/lang/Object;Ljava/lang/Object;ZZ)Ljava/lang/Object; @ 253
Event: 5.635 Thread 0x0000000019989000 Uncommon trap: reason=bimorphic action=maybe_recompile pc=0x0000000003561c2c method=java.util.HashMap.putVal(ILjava/lang/Object;Ljava/lang/Object;ZZ)Ljava/lang/Object; @ 253
Event: 5.635 Thread 0x0000000019989000 Uncommon trap: reason=bimorphic action=maybe_recompile pc=0x0000000003561c2c method=java.util.HashMap.putVal(ILjava/lang/Object;Ljava/lang/Object;ZZ)Ljava/lang/Object; @ 253
Event: 9.311 Thread 0x0000000019989000 Uncommon trap: reason=class_check action=maybe_recompile pc=0x00000000035ca89c method=java.util.regex.Matcher.match(II)Z @ 86
Event: 9.431 Thread 0x0000000019989000 Uncommon trap: reason=class_check action=maybe_recompile pc=0x00000000035ca89c method=java.util.regex.Matcher.match(II)Z @ 86
Event: 9.432 Thread 0x0000000019989000 Uncommon trap: reason=class_check action=maybe_recompile pc=0x00000000035ca89c method=java.util.regex.Matcher.match(II)Z @ 86
Event: 9.432 Thread 0x0000000019989000 Uncommon trap: reason=class_check action=maybe_recompile pc=0x000000000344965c method=java.util.regex.Matcher.match(II)Z @ 86

Classes redefined (0 events):
No events

Internal exceptions (10 events):
Event: 5.490 Thread 0x000000001b13d800 Exception <a 'java/lang/NoSuchMethodError': <clinit>> (0x00000000d5d0e4a8) thrown at [C:\src\AOSP-openjdk-git\hotspot\src\share\vm\prims\jni.cpp, line 1615]
Event: 5.506 Thread 0x000000001b13d800 Exception <a 'java/lang/NoSuchMethodError': <clinit>> (0x00000000d5d20de0) thrown at [C:\src\AOSP-openjdk-git\hotspot\src\share\vm\prims\jni.cpp, line 1615]
Event: 5.520 Thread 0x000000001b13d800 Exception <a 'java/lang/NoSuchMethodError': <clinit>> (0x00000000d5d47ed8) thrown at [C:\src\AOSP-openjdk-git\hotspot\src\share\vm\prims\jni.cpp, line 1615]
Event: 5.525 Thread 0x000000001b13d800 Exception <a 'java/lang/NoSuchMethodError': <clinit>> (0x00000000d5d5fa48) thrown at [C:\src\AOSP-openjdk-git\hotspot\src\share\vm\prims\jni.cpp, line 1615]
Event: 5.526 Thread 0x000000001b13d800 Exception <a 'java/lang/NoSuchMethodError': <clinit>> (0x00000000d5d68ae0) thrown at [C:\src\AOSP-openjdk-git\hotspot\src\share\vm\prims\jni.cpp, line 1615]
Event: 5.531 Thread 0x000000001b13d800 Exception <a 'java/lang/NoSuchMethodError': <clinit>> (0x00000000d5d7ee40) thrown at [C:\src\AOSP-openjdk-git\hotspot\src\share\vm\prims\jni.cpp, line 1615]
Event: 5.553 Thread 0x000000001b13d800 Exception <a 'java/lang/NoSuchMethodError': <clinit>> (0x00000000d5df8c88) thrown at [C:\src\AOSP-openjdk-git\hotspot\src\share\vm\prims\jni.cpp, line 1615]
Event: 5.564 Thread 0x000000001b13d800 Exception <a 'java/lang/NoSuchMethodError': <clinit>> (0x00000000d5e283b8) thrown at [C:\src\AOSP-openjdk-git\hotspot\src\share\vm\prims\jni.cpp, line 1615]
Event: 5.578 Thread 0x000000001b13d800 Exception <a 'java/lang/NoSuchMethodError': <clinit>> (0x00000000d5e569d8) thrown at [C:\src\AOSP-openjdk-git\hotspot\src\share\vm\prims\jni.cpp, line 1615]
Event: 5.581 Thread 0x000000001b13d800 Exception <a 'java/lang/NoSuchMethodError': <clinit>> (0x00000000d5e62e50) thrown at [C:\src\AOSP-openjdk-git\hotspot\src\share\vm\prims\jni.cpp, line 1615]

Events (10 events):
Event: 9.996 loading class org/gradle/cache/internal/btree/BTreePersistentIndexedCache done
Event: 10.016 loading class org/gradle/cache/internal/btree/BTreePersistentIndexedCache
Event: 10.016 loading class org/gradle/cache/internal/btree/BTreePersistentIndexedCache done
Event: 10.016 loading class org/gradle/cache/internal/DefaultCacheAccess
Event: 10.016 loading class org/gradle/cache/internal/DefaultCacheAccess done
Event: 10.016 loading class org/gradle/cache/internal/DefaultMultiProcessSafePersistentIndexedCache
Event: 10.016 loading class org/gradle/cache/internal/DefaultMultiProcessSafePersistentIndexedCache done
Event: 10.017 loading class org/gradle/cache/internal/CacheAccessWorker
Event: 10.017 loading class org/gradle/cache/internal/CacheAccessWorker done
Event: 10.018 loading class java/util/concurrent/ArrayBlockingQueue


Dynamic libraries:
0x00007ff624de0000 - 0x00007ff624e11000 	C:\Program Files\Android\Android Studio\jre\bin\java.exe
0x00007ffb0e4e0000 - 0x00007ffb0e6d0000 	C:\WINDOWS\SYSTEM32\ntdll.dll
0x00007ffb0dec0000 - 0x00007ffb0df72000 	C:\WINDOWS\System32\KERNEL32.DLL
0x00007ffb0b9f0000 - 0x00007ffb0bc95000 	C:\WINDOWS\System32\KERNELBASE.dll
0x00007ffb0c6d0000 - 0x00007ffb0c773000 	C:\WINDOWS\System32\ADVAPI32.dll
0x00007ffb0d5a0000 - 0x00007ffb0d63e000 	C:\WINDOWS\System32\msvcrt.dll
0x00007ffb0dca0000 - 0x00007ffb0dd37000 	C:\WINDOWS\System32\sechost.dll
0x00007ffb0dda0000 - 0x00007ffb0debf000 	C:\WINDOWS\System32\RPCRT4.dll
0x00007ffb0d310000 - 0x00007ffb0d4a4000 	C:\WINDOWS\System32\USER32.dll
0x00007ffb0c590000 - 0x00007ffb0c5b1000 	C:\WINDOWS\System32\win32u.dll
0x00007ffb0dd40000 - 0x00007ffb0dd66000 	C:\WINDOWS\System32\GDI32.dll
0x00007ffb0b7b0000 - 0x00007ffb0b948000 	C:\WINDOWS\System32\gdi32full.dll
0x00007ffb0b950000 - 0x00007ffb0b9ee000 	C:\WINDOWS\System32\msvcp_win.dll
0x00007ffb0b540000 - 0x00007ffb0b63a000 	C:\WINDOWS\System32\ucrtbase.dll
0x00007ffafc920000 - 0x00007ffafcba4000 	C:\WINDOWS\WinSxS\amd64_microsoft.windows.common-controls_6595b64144ccf1df_6.0.18362.1379_none_9e7ff3b3e45cc0c4\COMCTL32.dll
0x00007ffb0c780000 - 0x00007ffb0cab7000 	C:\WINDOWS\System32\combase.dll
0x00007ffb0b640000 - 0x00007ffb0b6c1000 	C:\WINDOWS\System32\bcryptPrimitives.dll
0x00007ffb0dd70000 - 0x00007ffb0dd9e000 	C:\WINDOWS\System32\IMM32.DLL
0x00000000685d0000 - 0x00000000686a2000 	C:\Program Files\Android\Android Studio\jre\jre\bin\msvcr100.dll
0x0000000067cd0000 - 0x000000006851b000 	C:\Program Files\Android\Android Studio\jre\jre\bin\server\jvm.dll
0x00007ffb0db10000 - 0x00007ffb0db18000 	C:\WINDOWS\System32\PSAPI.DLL
0x00007ffb02140000 - 0x00007ffb02149000 	C:\WINDOWS\SYSTEM32\WSOCK32.dll
0x00007ffb02d60000 - 0x00007ffb02d6a000 	C:\WINDOWS\SYSTEM32\VERSION.dll
0x00007ffb01280000 - 0x00007ffb012a4000 	C:\WINDOWS\SYSTEM32\WINMM.dll
0x00007ffb012f0000 - 0x00007ffb0131d000 	C:\WINDOWS\SYSTEM32\winmmbase.dll
0x00007ffb0c5c0000 - 0x00007ffb0c60a000 	C:\WINDOWS\System32\cfgmgr32.dll
0x00007ffb0d640000 - 0x00007ffb0d6af000 	C:\WINDOWS\System32\WS2_32.dll
0x00007ffafb930000 - 0x00007ffafb93f000 	C:\Program Files\Android\Android Studio\jre\jre\bin\verify.dll
0x00007ffaf5690000 - 0x00007ffaf56b9000 	C:\Program Files\Android\Android Studio\jre\jre\bin\java.dll
0x00007ffaf0f90000 - 0x00007ffaf0fa6000 	C:\Program Files\Android\Android Studio\jre\jre\bin\zip.dll
0x00007ffb0cac0000 - 0x00007ffb0d1a8000 	C:\WINDOWS\System32\SHELL32.dll
0x00007ffb0db90000 - 0x00007ffb0dc37000 	C:\WINDOWS\System32\shcore.dll
0x00007ffb0bdf0000 - 0x00007ffb0c56b000 	C:\WINDOWS\System32\windows.storage.dll
0x00007ffb0b510000 - 0x00007ffb0b533000 	C:\WINDOWS\System32\profapi.dll
0x00007ffb0b4a0000 - 0x00007ffb0b4ea000 	C:\WINDOWS\System32\powrprof.dll
0x00007ffb0b470000 - 0x00007ffb0b480000 	C:\WINDOWS\System32\UMPDC.dll
0x00007ffb0dc40000 - 0x00007ffb0dc92000 	C:\WINDOWS\System32\shlwapi.dll
0x00007ffb0b4f0000 - 0x00007ffb0b501000 	C:\WINDOWS\System32\kernel.appcore.dll
0x00007ffb0c570000 - 0x00007ffb0c587000 	C:\WINDOWS\System32\cryptsp.dll
0x00007ffaeec80000 - 0x00007ffaeec9a000 	C:\Program Files\Android\Android Studio\jre\jre\bin\net.dll
0x00007ffb0ac50000 - 0x00007ffb0acb7000 	C:\WINDOWS\system32\mswsock.dll
0x00007ffaeec20000 - 0x00007ffaeec33000 	C:\Program Files\Android\Android Studio\jre\jre\bin\nio.dll
0x00007ffafa9e0000 - 0x00007ffafaa07000 	C:\Users\reizkian\.gradle\native\f6784746aeab05261644944871eae4fe03e0ef1612fff0a4a95f87b438bc6780\windows-amd64\native-platform.dll
0x00007ffafa3f0000 - 0x00007ffafa3fd000 	C:\Program Files\Android\Android Studio\jre\jre\bin\management.dll
0x00007ffb0a7d0000 - 0x00007ffb0a803000 	C:\WINDOWS\system32\rsaenh.dll
0x00007ffb0b780000 - 0x00007ffb0b7a6000 	C:\WINDOWS\System32\bcrypt.dll
0x00007ffb0b350000 - 0x00007ffb0b375000 	C:\WINDOWS\SYSTEM32\USERENV.dll
0x00007ffb0ae20000 - 0x00007ffb0ae2c000 	C:\WINDOWS\SYSTEM32\CRYPTBASE.dll
0x00007ffb0a960000 - 0x00007ffb0a99a000 	C:\WINDOWS\SYSTEM32\IPHLPAPI.DLL
0x00007ffb0d300000 - 0x00007ffb0d308000 	C:\WINDOWS\System32\NSI.dll
0x00007ffb04f70000 - 0x00007ffb04f86000 	C:\WINDOWS\SYSTEM32\dhcpcsvc6.DLL
0x00007ffb05340000 - 0x00007ffb0535c000 	C:\WINDOWS\SYSTEM32\dhcpcsvc.DLL
0x00007ffb0a9a0000 - 0x00007ffb0aa6b000 	C:\WINDOWS\SYSTEM32\DNSAPI.dll
0x00007ffb05930000 - 0x00007ffb0593b000 	C:\WINDOWS\SYSTEM32\WINNSI.DLL

VM Arguments:
jvm_args: -Xmx2048m -Dfile.encoding=UTF-8 -Duser.country=US -Duser.language=en -Duser.variant 
java_command: org.gradle.launcher.daemon.bootstrap.GradleDaemon 6.5
java_class_path (initial): C:\Users\reizkian\.gradle\wrapper\dists\gradle-6.5-bin\6nifqtx7604sqp1q6g8wikw7p\gradle-6.5\lib\gradle-launcher-6.5.jar
Launcher Type: SUN_STANDARD

Environment Variables:
JAVA_HOME=D:\codes\java\JDK\jdk-11.0.8
PATH=C:\WINDOWS;C:\WINDOWS;C:\WINDOWS;C:\Program Files (x86)\Common Files\Intel\Shared Libraries\redist\intel64\compiler;C:\WINDOWS\system32;C:\WINDOWS;C:\WINDOWS\System32\Wbem;C:\WINDOWS\System32\WindowsPowerShell\v1.0\;C:\WINDOWS\System32\OpenSSH\;C:\Users\reizkian\anaconda3;C:\Users\reizkian\anaconda3\Scripts;C:\Users\reizkian\anaconda3\Library;C:\Users\reizkian\anaconda3\Library\bin;C:\Users\reizkian\anaconda3\Library\mingw-w64\bin;D:\codes\java\JDK\jdk-11.0.8\bin;C:\Program Files (x86)\AMD\ATI.ACE\Core-Static;C:\MinGW\bin;D:\codes\cpp\setup_opencv\opencv\build\x64\vc15\bin;C:\Program Files\apache-maven-3.6.3\bin;C:\Program Files\gnuplot\bin;D:\codes\java\OpenJFX\javafx-sdk-11.0.2\bin;C:\Program Files\Git\cmd;C:\Program Files\nodejs\;C:\Users\reizkian\AppData\Local\Microsoft\WindowsApps;C:\Users\reizkian\AppData\Local\Programs\Microsoft VS Code\bin;C:\Users\reizkian\anaconda3;C:\Users\reizkian\anaconda3\Scripts;C:\Program Files\JetBrains\PyCharm Community Edition 2020.1.2\bin;;C:\Program Files\JetBrains\IntelliJ IDEA Community Edition 2020.2\bin;;C:\Users\reizkian\AppData\Local\Programs\MiKTeX\miktex\bin\x64\;C:\Program Files\CMake\bin;C:\Users\reizkian\AppData\Roaming\npm
USERNAME=reizkian
OS=Windows_NT
PROCESSOR_IDENTIFIER=AMD64 Family 21 Model 19 Stepping 1, AuthenticAMD



---------------  S Y S T E M  ---------------

OS: Windows 10.0 , 64 bit Build 18362 (10.0.18362.1350)

CPU:total 4 (initial active 4) (4 cores per cpu, 1 threads per core) family 21 model 19 stepping 1, cmov, cx8, fxsr, mmx, sse, sse2, sse3, ssse3, sse4.1, sse4.2, popcnt, avx, aes, clmul, mmxext, 3dnowpref, lzcnt, sse4a, tsc, tscinvbit, tscinv, bmi1

Memory: 4k page, physical 7555692k(779968k free), swap 11766380k(476k free)

vm_info: OpenJDK 64-Bit Server VM (25.242-b01) for windows-amd64 JRE (1.8.0_242-release-1644-b01), built by "builder" with MS VC++ 10.0 (VS2010)

time: Tue Feb 16 17:46:47 2021
timezone: SE Asia Standard Time
elapsed time: 10 seconds (0d 0h 0m 10s)

