#
# There is insufficient memory for the Java Runtime Environment to continue.
# Native memory allocation (malloc) failed to allocate 744080 bytes for Chunk::new
# Possible reasons:
#   The system is out of physical RAM or swap space
#   The process is running with CompressedOops enabled, and the Java Heap may be blocking the growth of the native heap
# Possible solutions:
#   Reduce memory load on the system
#   Increase physical memory or swap space
#   Check if swap backing store is full
#   Decrease Java heap size (-Xmx/-Xms)
#   Decrease number of Java threads
#   Decrease Java thread stack sizes (-Xss)
#   Set larger code cache with -XX:ReservedCodeCacheSize=
#   JVM is running with Unscaled Compressed Oops mode in which the Java heap is
#     placed in the first 4GB address space. The Java Heap base address is the
#     maximum limit for the native heap growth. Please use -XX:HeapBaseMinAddress
#     to set the Java Heap base and to place the Java Heap above 4GB virtual address.
# This output file may be truncated or incomplete.
#
#  Out of Memory Error (allocation.cpp:389), pid=14756, tid=0x0000000000001e3c
#
# JRE version: OpenJDK Runtime Environment (8.0_242-b01) (build 1.8.0_242-release-1644-b01)
# Java VM: OpenJDK 64-Bit Server VM (25.242-b01 mixed mode windows-amd64 compressed oops)
# Failed to write core dump. Minidumps are not enabled by default on client versions of Windows
#

---------------  T H R E A D  ---------------

Current thread (0x0000000017928800):  JavaThread "C2 CompilerThread0" daemon [_thread_in_native, id=7740, stack(0x0000000018fa0000,0x00000000190a0000)]

Stack: [0x0000000018fa0000,0x00000000190a0000]
[error occurred during error reporting (printing stack bounds), id 0xc0000005]

Native frames: (J=compiled Java code, j=interpreted, Vv=VM code, C=native code)


Current CompileTask:
C2:   3537 1466       4       java.net.URLClassLoader$1::run (5 bytes)


---------------  P R O C E S S  ---------------

Java Threads: ( => current thread )
  0x000000001b1aa800 JavaThread "Cache worker for file hash cache (C:\Users\reizkian\.gradle\caches\6.5\fileHashes)" [_thread_blocked, id=14760, stack(0x000000001da30000,0x000000001db30000)]
  0x000000001b1ac000 JavaThread "File lock request listener" [_thread_in_native, id=1376, stack(0x000000001d930000,0x000000001da30000)]
  0x000000001aea9800 JavaThread "Cache worker for journal cache (C:\Users\reizkian\.gradle\caches\journal-1)" [_thread_blocked, id=7876, stack(0x000000001d530000,0x000000001d630000)]
  0x000000001b66a800 JavaThread "Thread-9" [_thread_blocked, id=4872, stack(0x000000001d430000,0x000000001d530000)]
  0x000000001b654000 JavaThread "Stdin handler" [_thread_blocked, id=9840, stack(0x000000001d330000,0x000000001d430000)]
  0x000000001b64b000 JavaThread "Asynchronous log dispatcher for DefaultDaemonConnection: socket connection from /127.0.0.1:63464 to /127.0.0.1:63465" [_thread_blocked, id=14792, stack(0x000000001d230000,0x000000001d330000)]
  0x000000001b644800 JavaThread "Daemon worker" [_thread_in_Java, id=14136, stack(0x000000001d130000,0x000000001d230000)]
  0x000000001b643000 JavaThread "Cancel handler" [_thread_blocked, id=13860, stack(0x000000001d030000,0x000000001d130000)]
  0x000000001b628000 JavaThread "Handler for socket connection from /127.0.0.1:63464 to /127.0.0.1:63465" [_thread_in_native, id=15248, stack(0x000000001cf30000,0x000000001d030000)]
  0x000000001b648000 JavaThread "Daemon" [_thread_blocked, id=3812, stack(0x000000001ce30000,0x000000001cf30000)]
  0x000000001b601000 JavaThread "Daemon periodic checks" [_thread_blocked, id=8444, stack(0x000000001cb30000,0x000000001cc30000)]
  0x000000001b5a2800 JavaThread "Incoming local TCP Connector on port 63464" [_thread_in_native, id=7528, stack(0x000000001c8f0000,0x000000001c9f0000)]
  0x000000001966c000 JavaThread "Daemon health stats" [_thread_blocked, id=14216, stack(0x000000001c2b0000,0x000000001c3b0000)]
  0x00000000192ca000 JavaThread "Service Thread" daemon [_thread_blocked, id=11064, stack(0x00000000196a0000,0x00000000197a0000)]
  0x0000000017971800 JavaThread "C1 CompilerThread2" daemon [_thread_in_vm, id=5308, stack(0x00000000191a0000,0x00000000192a0000)]
  0x000000001792b000 JavaThread "C2 CompilerThread1" daemon [_thread_in_native, id=5032, stack(0x00000000190a0000,0x00000000191a0000)]
=>0x0000000017928800 JavaThread "C2 CompilerThread0" daemon [_thread_in_native, id=7740, stack(0x0000000018fa0000,0x00000000190a0000)]
  0x0000000017927000 JavaThread "Attach Listener" daemon [_thread_blocked, id=5464, stack(0x0000000018ea0000,0x0000000018fa0000)]
  0x0000000017925800 JavaThread "Signal Dispatcher" daemon [_thread_blocked, id=9596, stack(0x0000000018da0000,0x0000000018ea0000)]
  0x0000000017909000 JavaThread "Finalizer" daemon [_thread_blocked, id=13648, stack(0x0000000018ba0000,0x0000000018ca0000)]
  0x0000000002cf2000 JavaThread "Reference Handler" daemon [_thread_blocked, id=7332, stack(0x0000000018aa0000,0x0000000018ba0000)]
  0x0000000002c02800 JavaThread "main" [_thread_blocked, id=14152, stack(0x0000000002ab0000,0x0000000002bb0000)]

Other Threads:
  0x00000000178e5800 VMThread [stack: 0x00000000189a0000,0x0000000018aa0000] [id=13268]
  0x00000000192cb000 WatcherThread [stack: 0x00000000197a0000,0x00000000198a0000] [id=15732]

VM state:not at safepoint (normal execution)

VM Mutex/Monitor currently owned by a thread: None

heap address: 0x0000000080000000, size: 2048 MB, Compressed Oops mode: 32-bit
Narrow klass base: 0x0000000000000000, Narrow klass shift: 3
Compressed class space size: 1073741824 Address: 0x0000000100000000

Heap:
 PSYoungGen      total 34816K, used 30208K [0x00000000d5580000, 0x00000000d7c00000, 0x0000000100000000)
  eden space 30208K, 100% used [0x00000000d5580000,0x00000000d7300000,0x00000000d7300000)
  from space 4608K, 0% used [0x00000000d7780000,0x00000000d7780000,0x00000000d7c00000)
  to   space 4608K, 0% used [0x00000000d7300000,0x00000000d7300000,0x00000000d7780000)
 ParOldGen       total 54272K, used 6329K [0x0000000080000000, 0x0000000083500000, 0x00000000d5580000)
  object space 54272K, 11% used [0x0000000080000000,0x000000008062e558,0x0000000083500000)
 Metaspace       used 16691K, capacity 17340K, committed 17536K, reserved 1064960K
  class space    used 2246K, capacity 2432K, committed 2432K, reserved 1048576K

Card table byte_map: [0x00000000120c0000,0x00000000124d0000] byte_map_base: 0x0000000011cc0000

Marking Bits: (ParMarkBitMap*) 0x000000007708f030
 Begin Bits: [0x0000000012b80000, 0x0000000014b80000)
 End Bits:   [0x0000000014b80000, 0x0000000016b80000)

Polling page: 0x0000000000d70000

CodeCache: size=245760Kb used=5430Kb max_used=5430Kb free=240329Kb
 bounds [0x0000000002d00000, 0x0000000003250000, 0x0000000011d00000]
 total_blobs=1908 nmethods=1510 adapters=312
 compilation: enabled

Compilation events (10 events):
Event: 3.532 Thread 0x0000000017971800 nmethod 1504 0x0000000003243b10 code [0x0000000003243c80, 0x0000000003243f50]
Event: 3.532 Thread 0x0000000017971800 1505       1       sun.reflect.generics.repository.AbstractRepository::getFactory (5 bytes)
Event: 3.532 Thread 0x0000000017971800 nmethod 1505 0x0000000003244050 code [0x00000000032441a0, 0x00000000032442b0]
Event: 3.533 Thread 0x0000000017971800 1506       3       java.lang.reflect.Executable::getGenericParameterTypes (20 bytes)
Event: 3.533 Thread 0x0000000017971800 nmethod 1506 0x0000000003244310 code [0x00000000032444a0, 0x0000000003244918]
Event: 3.533 Thread 0x0000000017971800 1508       3       org.gradle.internal.service.DefaultServiceMethodFactory::toServiceMethod (11 bytes)
Event: 3.533 Thread 0x0000000017971800 nmethod 1508 0x0000000003244a10 code [0x0000000003244b80, 0x0000000003244da8]
Event: 3.533 Thread 0x0000000017971800 1512       3       org.gradle.internal.service.AbstractServiceMethod::<init> (42 bytes)
Event: 3.535 Thread 0x0000000017971800 nmethod 1512 0x0000000003244e90 code [0x0000000003245100, 0x00000000032463e8]
Event: 3.535 Thread 0x0000000017971800 1509   !   3       org.gradle.internal.service.MethodHandleBasedServiceMethodFactory::toServiceMethod (51 bytes)

GC Heap History (10 events):
Event: 1.216 GC heap before
{Heap before GC invocations=1 (full 0):
 PSYoungGen      total 34816K, used 30208K [0x00000000d5580000, 0x00000000d7c00000, 0x0000000100000000)
  eden space 30208K, 100% used [0x00000000d5580000,0x00000000d7300000,0x00000000d7300000)
  from space 4608K, 0% used [0x00000000d7780000,0x00000000d7780000,0x00000000d7c00000)
  to   space 4608K, 0% used [0x00000000d7300000,0x00000000d7300000,0x00000000d7780000)
 ParOldGen       total 79360K, used 0K [0x0000000080000000, 0x0000000084d80000, 0x00000000d5580000)
  object space 79360K, 0% used [0x0000000080000000,0x0000000080000000,0x0000000084d80000)
 Metaspace       used 7203K, capacity 7454K, committed 7680K, reserved 1056768K
  class space    used 890K, capacity 973K, committed 1024K, reserved 1048576K
Event: 1.224 GC heap after
Heap after GC invocations=1 (full 0):
 PSYoungGen      total 34816K, used 4269K [0x00000000d5580000, 0x00000000d7c00000, 0x0000000100000000)
  eden space 30208K, 0% used [0x00000000d5580000,0x00000000d5580000,0x00000000d7300000)
  from space 4608K, 92% used [0x00000000d7300000,0x00000000d772b508,0x00000000d7780000)
  to   space 4608K, 0% used [0x00000000d7780000,0x00000000d7780000,0x00000000d7c00000)
 ParOldGen       total 79360K, used 16K [0x0000000080000000, 0x0000000084d80000, 0x00000000d5580000)
  object space 79360K, 0% used [0x0000000080000000,0x0000000080004000,0x0000000084d80000)
 Metaspace       used 7203K, capacity 7454K, committed 7680K, reserved 1056768K
  class space    used 890K, capacity 973K, committed 1024K, reserved 1048576K
}
Event: 1.686 GC heap before
{Heap before GC invocations=2 (full 0):
 PSYoungGen      total 34816K, used 34477K [0x00000000d5580000, 0x00000000d7c00000, 0x0000000100000000)
  eden space 30208K, 100% used [0x00000000d5580000,0x00000000d7300000,0x00000000d7300000)
  from space 4608K, 92% used [0x00000000d7300000,0x00000000d772b508,0x00000000d7780000)
  to   space 4608K, 0% used [0x00000000d7780000,0x00000000d7780000,0x00000000d7c00000)
 ParOldGen       total 79360K, used 16K [0x0000000080000000, 0x0000000084d80000, 0x00000000d5580000)
  object space 79360K, 0% used [0x0000000080000000,0x0000000080004000,0x0000000084d80000)
 Metaspace       used 7402K, capacity 7646K, committed 7936K, reserved 1056768K
  class space    used 899K, capacity 973K, committed 1024K, reserved 1048576K
Event: 1.690 GC heap after
Heap after GC invocations=2 (full 0):
 PSYoungGen      total 34816K, used 3025K [0x00000000d5580000, 0x00000000d7c00000, 0x0000000100000000)
  eden space 30208K, 0% used [0x00000000d5580000,0x00000000d5580000,0x00000000d7300000)
  from space 4608K, 65% used [0x00000000d7780000,0x00000000d7a745f8,0x00000000d7c00000)
  to   space 4608K, 0% used [0x00000000d7300000,0x00000000d7300000,0x00000000d7780000)
 ParOldGen       total 79360K, used 24K [0x0000000080000000, 0x0000000084d80000, 0x00000000d5580000)
  object space 79360K, 0% used [0x0000000080000000,0x0000000080006000,0x0000000084d80000)
 Metaspace       used 7402K, capacity 7646K, committed 7936K, reserved 1056768K
  class space    used 899K, capacity 973K, committed 1024K, reserved 1048576K
}
Event: 2.048 GC heap before
{Heap before GC invocations=3 (full 0):
 PSYoungGen      total 34816K, used 33233K [0x00000000d5580000, 0x00000000d7c00000, 0x0000000100000000)
  eden space 30208K, 100% used [0x00000000d5580000,0x00000000d7300000,0x00000000d7300000)
  from space 4608K, 65% used [0x00000000d7780000,0x00000000d7a745f8,0x00000000d7c00000)
  to   space 4608K, 0% used [0x00000000d7300000,0x00000000d7300000,0x00000000d7780000)
 ParOldGen       total 79360K, used 24K [0x0000000080000000, 0x0000000084d80000, 0x00000000d5580000)
  object space 79360K, 0% used [0x0000000080000000,0x0000000080006000,0x0000000084d80000)
 Metaspace       used 9906K, capacity 10174K, committed 10496K, reserved 1058816K
  class space    used 1319K, capacity 1413K, committed 1536K, reserved 1048576K
Event: 2.054 GC heap after
Heap after GC invocations=3 (full 0):
 PSYoungGen      total 34816K, used 4592K [0x00000000d5580000, 0x00000000d7c00000, 0x0000000100000000)
  eden space 30208K, 0% used [0x00000000d5580000,0x00000000d5580000,0x00000000d7300000)
  from space 4608K, 99% used [0x00000000d7300000,0x00000000d777c030,0x00000000d7780000)
  to   space 4608K, 0% used [0x00000000d7780000,0x00000000d7780000,0x00000000d7c00000)
 ParOldGen       total 79360K, used 452K [0x0000000080000000, 0x0000000084d80000, 0x00000000d5580000)
  object space 79360K, 0% used [0x0000000080000000,0x0000000080071118,0x0000000084d80000)
 Metaspace       used 9906K, capacity 10174K, committed 10496K, reserved 1058816K
  class space    used 1319K, capacity 1413K, committed 1536K, reserved 1048576K
}
Event: 3.111 GC heap before
{Heap before GC invocations=4 (full 0):
 PSYoungGen      total 34816K, used 34117K [0x00000000d5580000, 0x00000000d7c00000, 0x0000000100000000)
  eden space 30208K, 97% used [0x00000000d5580000,0x00000000d7255788,0x00000000d7300000)
  from space 4608K, 99% used [0x00000000d7300000,0x00000000d777c030,0x00000000d7780000)
  to   space 4608K, 0% used [0x00000000d7780000,0x00000000d7780000,0x00000000d7c00000)
 ParOldGen       total 79360K, used 452K [0x0000000080000000, 0x0000000084d80000, 0x00000000d5580000)
  object space 79360K, 0% used [0x0000000080000000,0x0000000080071118,0x0000000084d80000)
 Metaspace       used 13321K, capacity 13730K, committed 13824K, reserved 1064960K
  class space    used 1830K, capacity 1979K, committed 2048K, reserved 1048576K
Event: 3.120 GC heap after
Heap after GC invocations=4 (full 0):
 PSYoungGen      total 34816K, used 4592K [0x00000000d5580000, 0x00000000d7c00000, 0x0000000100000000)
  eden space 30208K, 0% used [0x00000000d5580000,0x00000000d5580000,0x00000000d7300000)
  from space 4608K, 99% used [0x00000000d7780000,0x00000000d7bfc050,0x00000000d7c00000)
  to   space 4608K, 0% used [0x00000000d7300000,0x00000000d7300000,0x00000000d7780000)
 ParOldGen       total 79360K, used 2354K [0x0000000080000000, 0x0000000084d80000, 0x00000000d5580000)
  object space 79360K, 2% used [0x0000000080000000,0x000000008024c820,0x0000000084d80000)
 Metaspace       used 13321K, capacity 13730K, committed 13824K, reserved 1064960K
  class space    used 1830K, capacity 1979K, committed 2048K, reserved 1048576K
}
Event: 3.120 GC heap before
{Heap before GC invocations=5 (full 1):
 PSYoungGen      total 34816K, used 4592K [0x00000000d5580000, 0x00000000d7c00000, 0x0000000100000000)
  eden space 30208K, 0% used [0x00000000d5580000,0x00000000d5580000,0x00000000d7300000)
  from space 4608K, 99% used [0x00000000d7780000,0x00000000d7bfc050,0x00000000d7c00000)
  to   space 4608K, 0% used [0x00000000d7300000,0x00000000d7300000,0x00000000d7780000)
 ParOldGen       total 79360K, used 2354K [0x0000000080000000, 0x0000000084d80000, 0x00000000d5580000)
  object space 79360K, 2% used [0x0000000080000000,0x000000008024c820,0x0000000084d80000)
 Metaspace       used 13321K, capacity 13730K, committed 13824K, reserved 1064960K
  class space    used 1830K, capacity 1979K, committed 2048K, reserved 1048576K
Event: 3.154 GC heap after
Heap after GC invocations=5 (full 1):
 PSYoungGen      total 34816K, used 0K [0x00000000d5580000, 0x00000000d7c00000, 0x0000000100000000)
  eden space 30208K, 0% used [0x00000000d5580000,0x00000000d5580000,0x00000000d7300000)
  from space 4608K, 0% used [0x00000000d7780000,0x00000000d7780000,0x00000000d7c00000)
  to   space 4608K, 0% used [0x00000000d7300000,0x00000000d7300000,0x00000000d7780000)
 ParOldGen       total 54272K, used 6329K [0x0000000080000000, 0x0000000083500000, 0x00000000d5580000)
  object space 54272K, 11% used [0x0000000080000000,0x000000008062e558,0x0000000083500000)
 Metaspace       used 13321K, capacity 13730K, committed 13824K, reserved 1062912K
  class space    used 1830K, capacity 1979K, committed 2048K, reserved 1048576K
}

Deoptimization events (10 events):
Event: 2.932 Thread 0x000000001b644800 Uncommon trap: reason=bimorphic action=maybe_recompile pc=0x0000000003013dac method=java.util.HashMap.putVal(ILjava/lang/Object;Ljava/lang/Object;ZZ)Ljava/lang/Object; @ 253
Event: 2.932 Thread 0x000000001b644800 Uncommon trap: reason=bimorphic action=maybe_recompile pc=0x0000000003013dac method=java.util.HashMap.putVal(ILjava/lang/Object;Ljava/lang/Object;ZZ)Ljava/lang/Object; @ 253
Event: 2.932 Thread 0x000000001b644800 Uncommon trap: reason=bimorphic action=maybe_recompile pc=0x0000000003013dac method=java.util.HashMap.putVal(ILjava/lang/Object;Ljava/lang/Object;ZZ)Ljava/lang/Object; @ 253
Event: 2.932 Thread 0x000000001b644800 Uncommon trap: reason=bimorphic action=maybe_recompile pc=0x0000000003013dac method=java.util.HashMap.putVal(ILjava/lang/Object;Ljava/lang/Object;ZZ)Ljava/lang/Object; @ 253
Event: 3.212 Thread 0x000000001b644800 Uncommon trap: reason=class_check action=maybe_recompile pc=0x000000000304441c method=java.util.regex.Matcher.match(II)Z @ 86
Event: 3.230 Thread 0x000000001b644800 Uncommon trap: reason=class_check action=maybe_recompile pc=0x000000000304441c method=java.util.regex.Matcher.match(II)Z @ 86
Event: 3.230 Thread 0x000000001b644800 Uncommon trap: reason=class_check action=maybe_recompile pc=0x000000000304441c method=java.util.regex.Matcher.match(II)Z @ 86
Event: 3.230 Thread 0x000000001b644800 Uncommon trap: reason=class_check action=maybe_recompile pc=0x0000000002ed291c method=java.util.regex.Matcher.match(II)Z @ 86
Event: 3.361 Thread 0x000000001b644800 Uncommon trap: reason=unstable_if action=reinterpret pc=0x000000000303b89c method=java.io.File.getName()Ljava/lang/String; @ 16
Event: 3.361 Thread 0x000000001b644800 Uncommon trap: reason=unstable_if action=reinterpret pc=0x000000000303d114 method=java.lang.String.substring(I)Ljava/lang/String; @ 35

Classes redefined (0 events):
No events

Internal exceptions (10 events):
Event: 2.873 Thread 0x000000001b628000 Exception <a 'java/lang/NoSuchMethodError': <clinit>> (0x00000000d5cbd4e8) thrown at [C:\src\AOSP-openjdk-git\hotspot\src\share\vm\prims\jni.cpp, line 1615]
Event: 2.874 Thread 0x000000001b628000 Exception <a 'java/lang/NoSuchMethodError': <clinit>> (0x00000000d5cc6bf0) thrown at [C:\src\AOSP-openjdk-git\hotspot\src\share\vm\prims\jni.cpp, line 1615]
Event: 2.877 Thread 0x000000001b628000 Exception <a 'java/lang/NoSuchMethodError': <clinit>> (0x00000000d5cdb218) thrown at [C:\src\AOSP-openjdk-git\hotspot\src\share\vm\prims\jni.cpp, line 1615]
Event: 2.889 Thread 0x000000001b628000 Exception <a 'java/lang/NoSuchMethodError': <clinit>> (0x00000000d5d48d28) thrown at [C:\src\AOSP-openjdk-git\hotspot\src\share\vm\prims\jni.cpp, line 1615]
Event: 2.896 Thread 0x000000001b628000 Exception <a 'java/lang/NoSuchMethodError': <clinit>> (0x00000000d5d83210) thrown at [C:\src\AOSP-openjdk-git\hotspot\src\share\vm\prims\jni.cpp, line 1615]
Event: 2.902 Thread 0x000000001b628000 Exception <a 'java/lang/NoSuchMethodError': <clinit>> (0x00000000d5db8a90) thrown at [C:\src\AOSP-openjdk-git\hotspot\src\share\vm\prims\jni.cpp, line 1615]
Event: 2.904 Thread 0x000000001b628000 Exception <a 'java/lang/NoSuchMethodError': <clinit>> (0x00000000d5dc4fc0) thrown at [C:\src\AOSP-openjdk-git\hotspot\src\share\vm\prims\jni.cpp, line 1615]
Event: 3.413 Thread 0x000000001b644800 Exception <a 'java/lang/NoSuchMethodError': java.lang.Object.lambda$and$0(Ljava/util/function/Predicate;Ljava/lang/Object;)Z> (0x00000000d64ee1b8) thrown at [C:\src\AOSP-openjdk-git\hotspot\src\share\vm\interpreter\linkResolver.cpp, line 620]
Event: 3.418 Thread 0x000000001b644800 Exception <a 'java/lang/IncompatibleClassChangeError': Found class java.lang.Object, but interface was expected> (0x00000000d64fe4b0) thrown at [C:\src\AOSP-openjdk-git\hotspot\src\share\vm\interpreter\linkResolver.cpp, line 653]
Event: 3.421 Thread 0x000000001b644800 Exception <a 'java/lang/NoSuchMethodError': java.lang.Object.lambda$or$2(Ljava/util/function/Predicate;Ljava/lang/Object;)Z> (0x00000000d6503000) thrown at [C:\src\AOSP-openjdk-git\hotspot\src\share\vm\interpreter\linkResolver.cpp, line 620]

Events (10 events):
Event: 3.534 loading class org/gradle/internal/component/model/ComponentArtifactMetadata
Event: 3.534 loading class org/gradle/internal/component/model/ComponentArtifactMetadata done
Event: 3.534 loading class org/gradle/plugin/internal/PluginUsePluginServiceRegistry$BuildScopeServices
Event: 3.534 loading class org/gradle/plugin/internal/PluginUsePluginServiceRegistry$BuildScopeServices done
Event: 3.535 loading class org/gradle/api/internal/artifacts/DependencyResolutionServices
Event: 3.535 loading class org/gradle/api/internal/artifacts/DependencyResolutionServices done
Event: 3.535 loading class org/gradle/api/internal/artifacts/dsl/dependencies/ProjectFinder
Event: 3.535 loading class org/gradle/api/internal/artifacts/dsl/dependencies/ProjectFinder done
Event: 3.535 loading class org/gradle/plugin/management/internal/autoapply/AutoAppliedPluginRegistry
Event: 3.535 loading class org/gradle/plugin/management/internal/autoapply/AutoAppliedPluginRegistry done


Dynamic libraries:
0x00007ff74ff70000 - 0x00007ff74ffa1000 	C:\Program Files\Android\Android Studio\jre\bin\java.exe
0x00007ffdce000000 - 0x00007ffdce1f0000 	C:\WINDOWS\SYSTEM32\ntdll.dll
0x00007ffdcd110000 - 0x00007ffdcd1c2000 	C:\WINDOWS\System32\KERNEL32.DLL
0x00007ffdcb7e0000 - 0x00007ffdcba85000 	C:\WINDOWS\System32\KERNELBASE.dll
0x00007ffdc91e0000 - 0x00007ffdc926f000 	C:\WINDOWS\SYSTEM32\apphelp.dll
0x00007ffdcd640000 - 0x00007ffdcd6e3000 	C:\WINDOWS\System32\ADVAPI32.dll
0x00007ffdcd070000 - 0x00007ffdcd10e000 	C:\WINDOWS\System32\msvcrt.dll
0x00007ffdcd260000 - 0x00007ffdcd2f7000 	C:\WINDOWS\System32\sechost.dll
0x00007ffdccf20000 - 0x00007ffdcd03f000 	C:\WINDOWS\System32\RPCRT4.dll
0x00007ffdccd20000 - 0x00007ffdcceb4000 	C:\WINDOWS\System32\USER32.dll
0x00007ffdcbfa0000 - 0x00007ffdcbfc1000 	C:\WINDOWS\System32\win32u.dll
0x00007ffdcdb20000 - 0x00007ffdcdb46000 	C:\WINDOWS\System32\GDI32.dll
0x00007ffdcbff0000 - 0x00007ffdcc188000 	C:\WINDOWS\System32\gdi32full.dll
0x00007ffdcbf00000 - 0x00007ffdcbf9e000 	C:\WINDOWS\System32\msvcp_win.dll
0x00007ffdcbb10000 - 0x00007ffdcbc0a000 	C:\WINDOWS\System32\ucrtbase.dll
0x00007ffdb5b90000 - 0x00007ffdb5e14000 	C:\WINDOWS\WinSxS\amd64_microsoft.windows.common-controls_6595b64144ccf1df_6.0.18362.1379_none_9e7ff3b3e45cc0c4\COMCTL32.dll
0x00007ffdcc880000 - 0x00007ffdccbb7000 	C:\WINDOWS\System32\combase.dll
0x00007ffdcbcc0000 - 0x00007ffdcbd41000 	C:\WINDOWS\System32\bcryptPrimitives.dll
0x00007ffdcd040000 - 0x00007ffdcd06e000 	C:\WINDOWS\System32\IMM32.DLL
0x0000000050060000 - 0x0000000050132000 	C:\Program Files\Android\Android Studio\jre\jre\bin\msvcr100.dll
0x00000000768c0000 - 0x000000007710b000 	C:\Program Files\Android\Android Studio\jre\jre\bin\server\jvm.dll
0x00007ffdcd6f0000 - 0x00007ffdcd6f8000 	C:\WINDOWS\System32\PSAPI.DLL
0x00007ffdc9120000 - 0x00007ffdc9129000 	C:\WINDOWS\SYSTEM32\WSOCK32.dll
0x00007ffdcd1d0000 - 0x00007ffdcd23f000 	C:\WINDOWS\System32\WS2_32.dll
0x00007ffdc8800000 - 0x00007ffdc8824000 	C:\WINDOWS\SYSTEM32\WINMM.dll
0x00007ffdc0a00000 - 0x00007ffdc0a0a000 	C:\WINDOWS\SYSTEM32\VERSION.dll
0x00007ffdc7cd0000 - 0x00007ffdc7cfd000 	C:\WINDOWS\SYSTEM32\WINMMBASE.dll
0x00007ffdcbac0000 - 0x00007ffdcbb0a000 	C:\WINDOWS\System32\cfgmgr32.dll
0x00007ffdc9110000 - 0x00007ffdc911f000 	C:\Program Files\Android\Android Studio\jre\jre\bin\verify.dll
0x00007ffdc3e60000 - 0x00007ffdc3e89000 	C:\Program Files\Android\Android Studio\jre\jre\bin\java.dll
0x00007ffdc6e70000 - 0x00007ffdc6e86000 	C:\Program Files\Android\Android Studio\jre\jre\bin\zip.dll
0x00007ffdcc190000 - 0x00007ffdcc878000 	C:\WINDOWS\System32\SHELL32.dll
0x00007ffdcd590000 - 0x00007ffdcd637000 	C:\WINDOWS\System32\shcore.dll
0x00007ffdcb060000 - 0x00007ffdcb7db000 	C:\WINDOWS\System32\windows.storage.dll
0x00007ffdcaff0000 - 0x00007ffdcb013000 	C:\WINDOWS\System32\profapi.dll
0x00007ffdcafa0000 - 0x00007ffdcafea000 	C:\WINDOWS\System32\powrprof.dll
0x00007ffdcaf90000 - 0x00007ffdcafa0000 	C:\WINDOWS\System32\UMPDC.dll
0x00007ffdcd4c0000 - 0x00007ffdcd512000 	C:\WINDOWS\System32\shlwapi.dll
0x00007ffdcb020000 - 0x00007ffdcb031000 	C:\WINDOWS\System32\kernel.appcore.dll
0x00007ffdcbfd0000 - 0x00007ffdcbfe7000 	C:\WINDOWS\System32\cryptsp.dll
0x00007ffdc5160000 - 0x00007ffdc517a000 	C:\Program Files\Android\Android Studio\jre\jre\bin\net.dll
0x00007ffdca7d0000 - 0x00007ffdca837000 	C:\WINDOWS\system32\mswsock.dll
0x00007ffdc46e0000 - 0x00007ffdc46f3000 	C:\Program Files\Android\Android Studio\jre\jre\bin\nio.dll
0x00007ffda7fe0000 - 0x00007ffda8007000 	C:\Users\reizkian\.gradle\native\f6784746aeab05261644944871eae4fe03e0ef1612fff0a4a95f87b438bc6780\windows-amd64\native-platform.dll
0x00007ffdc7890000 - 0x00007ffdc789d000 	C:\Program Files\Android\Android Studio\jre\jre\bin\management.dll
0x00007ffdca2f0000 - 0x00007ffdca323000 	C:\WINDOWS\system32\rsaenh.dll
0x00007ffdcba90000 - 0x00007ffdcbab6000 	C:\WINDOWS\System32\bcrypt.dll
0x00007ffdcae70000 - 0x00007ffdcae95000 	C:\WINDOWS\SYSTEM32\USERENV.dll
0x00007ffdca9a0000 - 0x00007ffdca9ac000 	C:\WINDOWS\SYSTEM32\CRYPTBASE.dll
0x00007ffdca480000 - 0x00007ffdca4ba000 	C:\WINDOWS\SYSTEM32\IPHLPAPI.DLL
0x00007ffdcd700000 - 0x00007ffdcd708000 	C:\WINDOWS\System32\NSI.dll
0x00007ffdc0c00000 - 0x00007ffdc0c16000 	C:\WINDOWS\SYSTEM32\dhcpcsvc6.DLL
0x00007ffdc2280000 - 0x00007ffdc229c000 	C:\WINDOWS\SYSTEM32\dhcpcsvc.DLL
0x00007ffdca4c0000 - 0x00007ffdca58b000 	C:\WINDOWS\SYSTEM32\DNSAPI.dll
0x00007ffdc2b50000 - 0x00007ffdc2b5b000 	C:\WINDOWS\SYSTEM32\WINNSI.DLL

VM Arguments:
jvm_args: -Xmx2048m -Dfile.encoding=UTF-8 -Duser.country=US -Duser.language=en -Duser.variant 
java_command: org.gradle.launcher.daemon.bootstrap.GradleDaemon 6.5
java_class_path (initial): C:\Users\reizkian\.gradle\wrapper\dists\gradle-6.5-bin\6nifqtx7604sqp1q6g8wikw7p\gradle-6.5\lib\gradle-launcher-6.5.jar
Launcher Type: SUN_STANDARD

Environment Variables:
JAVA_HOME=D:\codes\java\JDK\jdk-11.0.8
PATH=C:\Program Files (x86)\Common Files\Intel\Shared Libraries\redist\intel64\compiler;C:\WINDOWS\system32;C:\WINDOWS;C:\WINDOWS\System32\Wbem;C:\WINDOWS\System32\WindowsPowerShell\v1.0\;C:\WINDOWS\System32\OpenSSH\;C:\Users\reizkian\anaconda3;C:\Users\reizkian\anaconda3\Scripts;C:\Users\reizkian\anaconda3\Library;C:\Users\reizkian\anaconda3\Library\bin;C:\Users\reizkian\anaconda3\Library\mingw-w64\bin;D:\codes\java\JDK\jdk-11.0.8\bin;C:\Program Files (x86)\AMD\ATI.ACE\Core-Static;C:\MinGW\bin;D:\codes\cpp\setup_opencv\opencv\build\x64\vc15\bin;C:\Program Files\apache-maven-3.6.3\bin;C:\Program Files\gnuplot\bin;D:\codes\java\OpenJFX\javafx-sdk-11.0.2\bin;C:\Program Files\Git\cmd;C:\Program Files\nodejs\;C:\Users\reizkian\AppData\Local\Microsoft\WindowsApps;C:\Users\reizkian\AppData\Local\Programs\Microsoft VS Code\bin;C:\Users\reizkian\anaconda3;C:\Users\reizkian\anaconda3\Scripts;C:\Program Files\JetBrains\PyCharm Community Edition 2020.1.2\bin;;C:\Program Files\JetBrains\IntelliJ IDEA Community Edition 2020.2\bin;;C:\Users\reizkian\AppData\Local\Programs\MiKTeX\miktex\bin\x64\;C:\Program Files\CMake\bin;C:\Users\reizkian\AppData\Roaming\npm
USERNAME=reizkian
OS=Windows_NT
PROCESSOR_IDENTIFIER=AMD64 Family 21 Model 19 Stepping 1, AuthenticAMD



---------------  S Y S T E M  ---------------

OS: Windows 10.0 , 64 bit Build 18362 (10.0.18362.1350)

CPU:total 4 (initial active 4) (4 cores per cpu, 1 threads per core) family 21 model 19 stepping 1, cmov, cx8, fxsr, mmx, sse, sse2, sse3, ssse3, sse4.1, sse4.2, popcnt, avx, aes, clmul, mmxext, 3dnowpref, lzcnt, sse4a, tsc, tscinvbit, tscinv, bmi1

Memory: 4k page, physical 7555692k(1005780k free), swap 11766380k(5128k free)

vm_info: OpenJDK 64-Bit Server VM (25.242-b01) for windows-amd64 JRE (1.8.0_242-release-1644-b01), built by "builder" with MS VC++ 10.0 (VS2010)

time: Fri Feb 26 17:00:50 2021
timezone: SE Asia Standard Time
elapsed time: 3 seconds (0d 0h 0m 3s)

